<?xml version="1.0" encoding="UTF-8"?>
<!-- Generated by org.testng.reporters.JUnitReportReporter -->
<testsuite skipped="0" hostname="DESKTOP-2TQFBEG" name="com.pss.qms.AssignQMSRoles.MultiUsersAssignRoleIncidentManagementTest" tests="16" failures="0" timestamp="2021-10-12T19:35:39 IST" time="1625.054" errors="0">
  <testcase name="toMultiUserCreation" time="103.857" classname="com.pss.qms.AssignQMSRoles.MultiUsersAssignRoleIncidentManagementTest"/>
  <testcase name="toMultiUserCreation" time="102.997" classname="com.pss.qms.AssignQMSRoles.MultiUsersAssignRoleIncidentManagementTest"/>
  <testcase name="toMultiUserCreation" time="72.447" classname="com.pss.qms.AssignQMSRoles.MultiUsersAssignRoleIncidentManagementTest"/>
  <testcase name="toMultiUserCreation" time="103.065" classname="com.pss.qms.AssignQMSRoles.MultiUsersAssignRoleIncidentManagementTest"/>
  <testcase name="toMultiUserCreation" time="105.973" classname="com.pss.qms.AssignQMSRoles.MultiUsersAssignRoleIncidentManagementTest"/>
  <testcase name="toMultiUserCreation" time="107.293" classname="com.pss.qms.AssignQMSRoles.MultiUsersAssignRoleIncidentManagementTest"/>
  <testcase name="toMultiUserCreation" time="107.160" classname="com.pss.qms.AssignQMSRoles.MultiUsersAssignRoleIncidentManagementTest"/>
  <testcase name="toMultiUserCreation" time="107.383" classname="com.pss.qms.AssignQMSRoles.MultiUsersAssignRoleIncidentManagementTest"/>
  <testcase name="toMultiUserCreation" time="73.476" classname="com.pss.qms.AssignQMSRoles.MultiUsersAssignRoleIncidentManagementTest"/>
  <testcase name="toMultiUserCreation" time="105.867" classname="com.pss.qms.AssignQMSRoles.MultiUsersAssignRoleIncidentManagementTest"/>
  <testcase name="toMultiUserCreation" time="105.834" classname="com.pss.qms.AssignQMSRoles.MultiUsersAssignRoleIncidentManagementTest"/>
  <testcase name="toMultiUserCreation" time="103.222" classname="com.pss.qms.AssignQMSRoles.MultiUsersAssignRoleIncidentManagementTest"/>
  <testcase name="toMultiUserCreation" time="106.759" classname="com.pss.qms.AssignQMSRoles.MultiUsersAssignRoleIncidentManagementTest"/>
  <testcase name="toMultiUserCreation" time="106.455" classname="com.pss.qms.AssignQMSRoles.MultiUsersAssignRoleIncidentManagementTest"/>
  <testcase name="toMultiUserCreation" time="107.580" classname="com.pss.qms.AssignQMSRoles.MultiUsersAssignRoleIncidentManagementTest"/>
  <testcase name="toMultiUserCreation" time="105.686" classname="com.pss.qms.AssignQMSRoles.MultiUsersAssignRoleIncidentManagementTest"/>
</testsuite> <!-- com.pss.qms.AssignQMSRoles.MultiUsersAssignRoleIncidentManagementTest -->
