<?xml version="1.0" encoding="UTF-8"?>
<!-- Generated by org.testng.reporters.JUnitReportReporter -->
<testsuite skipped="0" hostname="DESKTOP-SKPPPFG" name="com.pss.qms.AuditManagementAdhocApproval.AuditObservationsReview" tests="1" failures="0" timestamp="2021-08-25T18:43:29 IST" time="60.921" errors="0">
  <testcase name="ReviewAuditObs" time="60.921" classname="com.pss.qms.AuditManagementAdhocApproval.AuditObservationsReview"/>
</testsuite> <!-- com.pss.qms.AuditManagementAdhocApproval.AuditObservationsReview -->
