<?xml version="1.0" encoding="UTF-8"?>
<!-- Generated by org.testng.reporters.JUnitReportReporter -->
<testsuite skipped="0" hostname="DESKTOP-2TQFBEG" name="com.pss.qms.RiskAssessmentRejection.QAReviewRejectRA" tests="1" failures="0" timestamp="2022-01-22T20:21:20 IST" time="54.397" errors="0">
  <testcase name="QAReviewRejectRA" time="54.397" classname="com.pss.qms.RiskAssessmentRejection.QAReviewRejectRA"/>
</testsuite> <!-- com.pss.qms.RiskAssessmentRejection.QAReviewRejectRA -->
