<?xml version="1.0" encoding="UTF-8"?>
<!-- Generated by org.testng.reporters.JUnitReportReporter -->
<testsuite skipped="0" hostname="PSS-LAP2" name="com.pss.qms.DeviationWithInvAndCAPARejection.PostApprovalActionReInitate" tests="1" failures="0" timestamp="2021-07-07T14:52:25 IST" time="42.747" errors="0">
  <testcase name="toPostApprovalActionReInitate" time="42.747" classname="com.pss.qms.DeviationWithInvAndCAPARejection.PostApprovalActionReInitate"/>
</testsuite> <!-- com.pss.qms.DeviationWithInvAndCAPARejection.PostApprovalActionReInitate -->
