<?xml version="1.0" encoding="UTF-8"?>
<!-- Generated by org.testng.reporters.JUnitReportReporter -->
<testsuite skipped="0" hostname="DESKTOP-SKPPPFG" name="com.pss.qms.AuditManagementPlanSchWithAIForwardFlow.PlanSchedule" tests="1" failures="0" timestamp="2021-08-25T14:20:31 IST" time="70.455" errors="0">
  <testcase name="toPlanSchedule" time="70.455" classname="com.pss.qms.AuditManagementPlanSchWithAIForwardFlow.PlanSchedule"/>
</testsuite> <!-- com.pss.qms.AuditManagementPlanSchWithAIForwardFlow.PlanSchedule -->
