<?xml version="1.0" encoding="UTF-8"?>
<!-- Generated by org.testng.reporters.JUnitReportReporter -->
<testsuite skipped="0" hostname="DESKTOP-2TQFBEG" name="com.pss.qms.InvestigationReject.InvestigationRequest" tests="1" failures="0" timestamp="2021-10-19T16:26:09 IST" time="114.606" errors="0">
  <testcase name="RequestInvestigation" time="114.606" classname="com.pss.qms.InvestigationReject.InvestigationRequest"/>
</testsuite> <!-- com.pss.qms.InvestigationReject.InvestigationRequest -->
