<?xml version="1.0" encoding="UTF-8"?>
<!-- Generated by org.testng.reporters.JUnitReportReporter -->
<testsuite skipped="0" hostname="DESKTOP-SKPPPFG" name="com.pss.qms.IncidentManagementWithCustomerCftRACAPARejFlow.CFTReviewerInc" tests="1" failures="0" timestamp="2021-08-20T10:50:31 IST" time="40.774" errors="0">
  <testcase name="CFTReviewerIncident" time="40.774" classname="com.pss.qms.IncidentManagementWithCustomerCftRACAPARejFlow.CFTReviewerInc"/>
</testsuite> <!-- com.pss.qms.IncidentManagementWithCustomerCftRACAPARejFlow.CFTReviewerInc -->
