<?xml version="1.0" encoding="UTF-8"?>
<!-- Generated by org.testng.reporters.JUnitReportReporter -->
<testsuite skipped="0" hostname="DESKTOP-2TQFBEG" name="com.pss.qms.CAPACAorPARejFlow.QAReviewerAfterReject" tests="1" failures="0" timestamp="2022-01-28T16:29:23 IST" time="59.685" errors="0">
  <testcase name="QAReviewerAfterReject" time="59.685" classname="com.pss.qms.CAPACAorPARejFlow.QAReviewerAfterReject"/>
</testsuite> <!-- com.pss.qms.CAPACAorPARejFlow.QAReviewerAfterReject -->
