<?xml version="1.0" encoding="UTF-8"?>
<!-- Generated by org.testng.reporters.JUnitReportReporter -->
<testsuite skipped="0" hostname="PSS-LAP2" name="com.pss.qms.DeviationWithAiInvAndCAPARejection.CFTReviewReject" tests="1" failures="0" timestamp="2021-07-06T16:58:37 IST" time="50.534" errors="0">
  <testcase name="toCFTReviewReject" time="50.534" classname="com.pss.qms.DeviationWithAiInvAndCAPARejection.CFTReviewReject"/>
</testsuite> <!-- com.pss.qms.DeviationWithAiInvAndCAPARejection.CFTReviewReject -->
