<?xml version="1.0" encoding="UTF-8"?>
<!-- Generated by org.testng.reporters.JUnitReportReporter -->
<testsuite skipped="0" hostname="DESKTOP-SKPPPFG" name="com.pss.qms.AuditManagementPlanSchdRejection.AuditObservationsApprovalReject" tests="1" failures="0" timestamp="2021-08-25T13:26:50 IST" time="54.044" errors="0">
  <testcase name="toAuditObservationsApprovalReject" time="54.044" classname="com.pss.qms.AuditManagementPlanSchdRejection.AuditObservationsApprovalReject"/>
</testsuite> <!-- com.pss.qms.AuditManagementPlanSchdRejection.AuditObservationsApprovalReject -->
