<?xml version="1.0" encoding="UTF-8"?>
<!-- Generated by org.testng.reporters.JUnitReportReporter -->
<testsuite skipped="0" hostname="DESKTOP-SKPPPFG" name="com.pss.qms.AuditManagementPlanSchdRejection.PlanSheduleReject" tests="1" failures="0" timestamp="2021-08-25T13:26:50 IST" time="39.582" errors="0">
  <testcase name="toPlanSheduleReject" time="39.582" classname="com.pss.qms.AuditManagementPlanSchdRejection.PlanSheduleReject"/>
</testsuite> <!-- com.pss.qms.AuditManagementPlanSchdRejection.PlanSheduleReject -->
