<?xml version="1.0" encoding="UTF-8"?>
<!-- Generated by org.testng.reporters.JUnitReportReporter -->
<testsuite skipped="0" hostname="DESKTOP-SKPPPFG" name="com.pss.qms.AuditManagementPlanSchWithAIRejectionFlow.AuditeeResponseApproval" tests="1" failures="0" timestamp="2021-08-25T18:14:51 IST" time="54.565" errors="0">
  <testcase name="AuditeeResponseApprove" time="54.565" classname="com.pss.qms.AuditManagementPlanSchWithAIRejectionFlow.AuditeeResponseApproval"/>
</testsuite> <!-- com.pss.qms.AuditManagementPlanSchWithAIRejectionFlow.AuditeeResponseApproval -->
