<?xml version="1.0" encoding="UTF-8"?>
<!-- Generated by org.testng.reporters.JUnitReportReporter -->
<testsuite skipped="0" hostname="DESKTOP-SKPPPFG" name="com.pss.qms.AuditManagementExternalScheduleWithAIForwardFlow.ExternalObservationAndResponseApproval" tests="1" failures="0" timestamp="2021-08-26T18:52:17 IST" time="65.127" errors="0">
  <testcase name="toExternalObservationAndResponseApproval" time="65.127" classname="com.pss.qms.AuditManagementExternalScheduleWithAIForwardFlow.ExternalObservationAndResponseApproval"/>
</testsuite> <!-- com.pss.qms.AuditManagementExternalScheduleWithAIForwardFlow.ExternalObservationAndResponseApproval -->
