<?xml version="1.0" encoding="UTF-8"?>
<!-- Generated by org.testng.reporters.JUnitReportReporter -->
<testsuite skipped="0" hostname="DESKTOP-SKPPPFG" name="com.pss.qms.IncidentManagementWithCustomerCftRARejFlow.DeptReviewerApproveInc" tests="1" failures="0" timestamp="2021-08-19T16:58:00 IST" time="40.307" errors="0">
  <testcase name="DeptReviewerIncident" time="40.307" classname="com.pss.qms.IncidentManagementWithCustomerCftRARejFlow.DeptReviewerApproveInc"/>
</testsuite> <!-- com.pss.qms.IncidentManagementWithCustomerCftRARejFlow.DeptReviewerApproveInc -->
