<?xml version="1.0" encoding="UTF-8"?>
<!-- Generated by org.testng.reporters.JUnitReportReporter -->
<testsuite skipped="0" hostname="DESKTOP-SKPPPFG" name="com.pss.qms.AuditManagementAdhocRejection.AdhocSchAM" tests="1" failures="0" timestamp="2021-08-25T19:03:19 IST" time="67.593" errors="0">
  <testcase name="toAdhocSchAM" time="67.593" classname="com.pss.qms.AuditManagementAdhocRejection.AdhocSchAM"/>
</testsuite> <!-- com.pss.qms.AuditManagementAdhocRejection.AdhocSchAM -->
