<?xml version="1.0" encoding="UTF-8"?>
<!-- Generated by org.testng.reporters.JUnitReportReporter -->
<testsuite skipped="0" hostname="PSS-LAP2" name="com.pss.qms.DeviationWithAiInvAndCAPA.PostApprovalActionsReview" tests="1" failures="0" timestamp="2021-07-06T11:47:01 IST" time="28.745" errors="0">
  <testcase name="toPostApprovalActionsReview" time="28.745" classname="com.pss.qms.DeviationWithAiInvAndCAPA.PostApprovalActionsReview"/>
</testsuite> <!-- com.pss.qms.DeviationWithAiInvAndCAPA.PostApprovalActionsReview -->
