<?xml version="1.0" encoding="UTF-8"?>
<!-- Generated by org.testng.reporters.JUnitReportReporter -->
<testsuite skipped="0" hostname="DESKTOP-2TQFBEG" name="com.pss.qms.MarketComplaintsModuleWithDynamicInvestigation.CFTRejectMC" tests="1" failures="0" timestamp="2021-10-18T17:04:08 IST" time="92.731" errors="0">
  <testcase name="CFTReviewMCModule1" time="92.731" classname="com.pss.qms.MarketComplaintsModuleWithDynamicInvestigation.CFTRejectMC"/>
</testsuite> <!-- com.pss.qms.MarketComplaintsModuleWithDynamicInvestigation.CFTRejectMC -->
