<?xml version="1.0" encoding="UTF-8"?>
<!-- Generated by org.testng.reporters.JUnitReportReporter -->
<testsuite skipped="0" hostname="DESKTOP-SKPPPFG" name="com.pss.qms.AuditManagementAdhocScheduleWithAIFwdFlow.ActionItemApprove2" tests="1" failures="0" timestamp="2021-08-25T20:28:59 IST" time="52.541" errors="0">
  <testcase name="toActionItemApprove2" time="52.541" classname="com.pss.qms.AuditManagementAdhocScheduleWithAIFwdFlow.ActionItemApprove2"/>
</testsuite> <!-- com.pss.qms.AuditManagementAdhocScheduleWithAIFwdFlow.ActionItemApprove2 -->
