<?xml version="1.0" encoding="UTF-8"?>
<!-- Generated by org.testng.reporters.JUnitReportReporter -->
<testsuite skipped="0" hostname="DESKTOP-SKPPPFG" name="com.pss.qms.AuditManagementPlanSchdRejection.InternalAuditObservations" tests="1" failures="0" timestamp="2021-08-25T13:26:50 IST" time="247.390" errors="0">
  <testcase name="toInternalAuditObservations" time="247.390" classname="com.pss.qms.AuditManagementPlanSchdRejection.InternalAuditObservations"/>
</testsuite> <!-- com.pss.qms.AuditManagementPlanSchdRejection.InternalAuditObservations -->
