<?xml version="1.0" encoding="UTF-8"?>
<!-- Generated by org.testng.reporters.JUnitReportReporter -->
<testsuite skipped="0" hostname="DESKTOP-SKPPPFG" name="com.pss.qms.IncidentManagementWithCustomerCftRA.QAReviewerIncWithAI" tests="1" failures="0" timestamp="2021-08-17T19:00:49 IST" time="211.011" errors="0">
  <testcase name="toQAReviewerIncWithAI" time="211.011" classname="com.pss.qms.IncidentManagementWithCustomerCftRA.QAReviewerIncWithAI"/>
</testsuite> <!-- com.pss.qms.IncidentManagementWithCustomerCftRA.QAReviewerIncWithAI -->
