<?xml version="1.0" encoding="UTF-8"?>
<!-- Generated by org.testng.reporters.JUnitReportReporter -->
<testsuite skipped="0" hostname="DESKTOP-SKPPPFG" name="com.pss.qms.AuditManagementAdhocScheduleWithAIFwdFlow.AuditeeResponse" tests="1" failures="0" timestamp="2021-08-25T20:16:35 IST" time="189.582" errors="0">
  <testcase name="toAuditeeResponse" time="189.582" classname="com.pss.qms.AuditManagementAdhocScheduleWithAIFwdFlow.AuditeeResponse"/>
</testsuite> <!-- com.pss.qms.AuditManagementAdhocScheduleWithAIFwdFlow.AuditeeResponse -->
