<?xml version="1.0" encoding="UTF-8"?>
<!-- Generated by org.testng.reporters.JUnitReportReporter -->
<testsuite skipped="0" hostname="DESKTOP-2TQFBEG" name="com.pss.qms.RiskAssessmentRejection.ActionItemApproveRAModule" tests="1" failures="0" timestamp="2022-01-22T21:23:54 IST" time="37.258" errors="0">
  <testcase name="ActionItemApproveRA" time="37.258" classname="com.pss.qms.RiskAssessmentRejection.ActionItemApproveRAModule"/>
</testsuite> <!-- com.pss.qms.RiskAssessmentRejection.ActionItemApproveRAModule -->
