<?xml version="1.0" encoding="UTF-8"?>
<!-- Generated by org.testng.reporters.JUnitReportReporter -->
<testsuite skipped="0" hostname="PSS-LAP2" name="com.pss.qms.DeviationWithAiInvAndCAPARejection.QAReviewReject" tests="1" failures="0" timestamp="2021-07-06T16:58:37 IST" time="75.825" errors="0">
  <testcase name="toQAReviewReject" time="75.825" classname="com.pss.qms.DeviationWithAiInvAndCAPARejection.QAReviewReject"/>
</testsuite> <!-- com.pss.qms.DeviationWithAiInvAndCAPARejection.QAReviewReject -->
