<?xml version="1.0" encoding="UTF-8"?>
<!-- Generated by org.testng.reporters.JUnitReportReporter -->
<testsuite skipped="0" hostname="DESKTOP-SKPPPFG" name="com.pss.qms.AuditManagementAdhocScheduleWithAIFwdFlow.AuditeeResponseReview" tests="1" failures="0" timestamp="2021-08-25T20:16:35 IST" time="65.780" errors="0">
  <testcase name="toAuditeeResponseReview" time="65.780" classname="com.pss.qms.AuditManagementAdhocScheduleWithAIFwdFlow.AuditeeResponseReview"/>
</testsuite> <!-- com.pss.qms.AuditManagementAdhocScheduleWithAIFwdFlow.AuditeeResponseReview -->
