<?xml version="1.0" encoding="UTF-8"?>
<!-- Generated by org.testng.reporters.JUnitReportReporter -->
<testsuite skipped="0" hostname="DESKTOP-SKPPPFG" name="com.pss.qms.AuditManagementPlanSchdRejection.PlanScheduleApprove" tests="1" failures="0" timestamp="2021-08-25T13:26:50 IST" time="42.182" errors="0">
  <testcase name="toPlanScheduleApprove" time="42.182" classname="com.pss.qms.AuditManagementPlanSchdRejection.PlanScheduleApprove"/>
</testsuite> <!-- com.pss.qms.AuditManagementPlanSchdRejection.PlanScheduleApprove -->
