<?xml version="1.0" encoding="UTF-8"?>
<!-- Generated by org.testng.reporters.JUnitReportReporter -->
<testsuite skipped="0" hostname="DESKTOP-SKPPPFG" name="com.pss.qms.DeviationWithInvAndCAPARejection.DeptReviewerApprove" tests="2" failures="0" timestamp="2022-03-15T18:19:37 IST" time="80.213" errors="0">
  <testcase name="toDeptReviewerApprove" time="39.998" classname="com.pss.qms.DeviationWithInvAndCAPARejection.DeptReviewerApprove"/>
  <testcase name="toDeptReviewerApprove" time="40.215" classname="com.pss.qms.DeviationWithInvAndCAPARejection.DeptReviewerApprove"/>
</testsuite> <!-- com.pss.qms.DeviationWithInvAndCAPARejection.DeptReviewerApprove -->
