<?xml version="1.0" encoding="UTF-8"?>
<!-- Generated by org.testng.reporters.JUnitReportReporter -->
<testsuite skipped="0" hostname="DESKTOP-SKPPPFG" name="com.pss.qms.AuditManagementAdhocScheduleWithCAPAForwardFlow.CLoseAudit" tests="1" failures="0" timestamp="2021-08-26T15:24:49 IST" time="50.775" errors="0">
  <testcase name="toCloseAudit" time="50.775" classname="com.pss.qms.AuditManagementAdhocScheduleWithCAPAForwardFlow.CLoseAudit"/>
</testsuite> <!-- com.pss.qms.AuditManagementAdhocScheduleWithCAPAForwardFlow.CLoseAudit -->
