<?xml version="1.0" encoding="UTF-8"?>
<!-- Generated by org.testng.reporters.JUnitReportReporter -->
<testsuite skipped="0" hostname="DESKTOP-2TQFBEG" name="com.pss.qms.IncidentManagementWithCustomerCftRACAPAInvRejFlow.QAReReviewInc" tests="1" failures="0" timestamp="2021-10-12T10:21:22 IST" time="80.332" errors="0">
  <testcase name="QAReReviewer" time="80.332" classname="com.pss.qms.IncidentManagementWithCustomerCftRACAPAInvRejFlow.QAReReviewInc"/>
</testsuite> <!-- com.pss.qms.IncidentManagementWithCustomerCftRACAPAInvRejFlow.QAReReviewInc -->
