<?xml version="1.0" encoding="UTF-8"?>
<!-- Generated by org.testng.reporters.JUnitReportReporter -->
<testsuite skipped="0" hostname="DESKTOP-SKPPPFG" name="com.pss.qms.AuditManagementAdhocScheduleWithCAPAForwardFlow.AuditeeResponse" tests="1" failures="0" timestamp="2021-08-26T15:06:04 IST" time="206.397" errors="0">
  <testcase name="AuditeeResponseMethod" time="206.397" classname="com.pss.qms.AuditManagementAdhocScheduleWithCAPAForwardFlow.AuditeeResponse"/>
</testsuite> <!-- com.pss.qms.AuditManagementAdhocScheduleWithCAPAForwardFlow.AuditeeResponse -->
