<?xml version="1.0" encoding="UTF-8"?>
<!-- Generated by org.testng.reporters.JUnitReportReporter -->
<testsuite skipped="0" hostname="PSS-LAP2" name="com.pss.qms.DeviationWithAiInvAndCAPARejection.PostApprovalActionReview" tests="1" failures="0" timestamp="2021-07-06T17:48:48 IST" time="27.146" errors="0">
  <testcase name="toPostApprovalActionReview" time="27.146" classname="com.pss.qms.DeviationWithAiInvAndCAPARejection.PostApprovalActionReview"/>
</testsuite> <!-- com.pss.qms.DeviationWithAiInvAndCAPARejection.PostApprovalActionReview -->
