<?xml version="1.0" encoding="UTF-8"?>
<!-- Generated by org.testng.reporters.JUnitReportReporter -->
<testsuite skipped="0" hostname="DESKTOP-SKPPPFG" name="com.pss.qms.AuditManagementExternalScheduleWithAIForwardFlow.CloseAudit" tests="1" failures="0" timestamp="2021-08-26T19:36:43 IST" time="52.451" errors="0">
  <testcase name="toCloseAudit" time="52.451" classname="com.pss.qms.AuditManagementExternalScheduleWithAIForwardFlow.CloseAudit"/>
</testsuite> <!-- com.pss.qms.AuditManagementExternalScheduleWithAIForwardFlow.CloseAudit -->
