<?xml version="1.0" encoding="UTF-8"?>
<!-- Generated by org.testng.reporters.JUnitReportReporter -->
<testsuite skipped="0" hostname="DESKTOP-SKPPPFG" name="com.pss.qms.AuditManagementAdhocRejection.AuditeeResponseRejectedApprove" tests="1" failures="0" timestamp="2021-08-25T19:37:36 IST" time="67.640" errors="0">
  <testcase name="toAuditeeResponseRejectedApprove" time="67.640" classname="com.pss.qms.AuditManagementAdhocRejection.AuditeeResponseRejectedApprove"/>
</testsuite> <!-- com.pss.qms.AuditManagementAdhocRejection.AuditeeResponseRejectedApprove -->
