<?xml version="1.0" encoding="UTF-8"?>
<!-- Generated by org.testng.reporters.JUnitReportReporter -->
<testsuite skipped="0" hostname="DESKTOP-SKPPPFG" name="com.pss.qms.IncidentManagementWithCustomerCftRARejFlow.PostApprovalActionsReview" tests="1" failures="0" timestamp="2021-08-19T17:23:26 IST" time="21.894" errors="0">
  <testcase name="PostApprovalActionsReviewIncident" time="21.894" classname="com.pss.qms.IncidentManagementWithCustomerCftRARejFlow.PostApprovalActionsReview"/>
</testsuite> <!-- com.pss.qms.IncidentManagementWithCustomerCftRARejFlow.PostApprovalActionsReview -->
