<?xml version="1.0" encoding="UTF-8"?>
<!-- Generated by org.testng.reporters.JUnitReportReporter -->
<testsuite skipped="0" hostname="PSS-LAP2" name="com.pss.qms.DeviationWithInvAndCAPARejection.PostApprovalActionReviewRevert" tests="1" failures="0" timestamp="2021-07-07T14:52:25 IST" time="32.098" errors="0">
  <testcase name="toPostApprovalActionReviewRevert" time="32.098" classname="com.pss.qms.DeviationWithInvAndCAPARejection.PostApprovalActionReviewRevert"/>
</testsuite> <!-- com.pss.qms.DeviationWithInvAndCAPARejection.PostApprovalActionReviewRevert -->
