<?xml version="1.0" encoding="UTF-8"?>
<!-- Generated by org.testng.reporters.JUnitReportReporter -->
<testsuite skipped="0" hostname="DESKTOP-SKPPPFG" name="com.pss.qms.AuditManagementAdhocApproval.AuditeeResponseApprove" tests="1" failures="0" timestamp="2021-08-25T18:43:29 IST" time="55.898" errors="0">
  <testcase name="toAuditeeResponseApprove" time="55.898" classname="com.pss.qms.AuditManagementAdhocApproval.AuditeeResponseApprove"/>
</testsuite> <!-- com.pss.qms.AuditManagementAdhocApproval.AuditeeResponseApprove -->
