<?xml version="1.0" encoding="UTF-8"?>
<!-- Generated by org.testng.reporters.JUnitReportReporter -->
<testsuite skipped="0" hostname="PSS-LAP2" name="com.pss.qms.DeviationWithInvAndCAPARejection.DeptHODReviewCAPA" tests="1" failures="0" timestamp="2021-07-05T18:17:20 IST" time="51.780" errors="0">
  <testcase name="DeptHODCAPA" time="51.780" classname="com.pss.qms.DeviationWithInvAndCAPARejection.DeptHODReviewCAPA"/>
</testsuite> <!-- com.pss.qms.DeviationWithInvAndCAPARejection.DeptHODReviewCAPA -->
