<?xml version="1.0" encoding="UTF-8"?>
<!-- Generated by org.testng.reporters.JUnitReportReporter -->
<testsuite skipped="0" hostname="DESKTOP-2TQFBEG" name="com.pss.qms.AssignQMSRoles.MultiUsersAssignRoleMarketComplaintsTest" tests="10" failures="0" timestamp="2021-10-12T23:02:42 IST" time="735.785" errors="0">
  <testcase name="toMultiUserCreation" time="64.087" classname="com.pss.qms.AssignQMSRoles.MultiUsersAssignRoleMarketComplaintsTest"/>
  <testcase name="toMultiUserCreation" time="65.692" classname="com.pss.qms.AssignQMSRoles.MultiUsersAssignRoleMarketComplaintsTest"/>
  <testcase name="toMultiUserCreation" time="67.600" classname="com.pss.qms.AssignQMSRoles.MultiUsersAssignRoleMarketComplaintsTest"/>
  <testcase name="toMultiUserCreation" time="67.667" classname="com.pss.qms.AssignQMSRoles.MultiUsersAssignRoleMarketComplaintsTest"/>
  <testcase name="toMultiUserCreation" time="66.512" classname="com.pss.qms.AssignQMSRoles.MultiUsersAssignRoleMarketComplaintsTest"/>
  <testcase name="toMultiUserCreation" time="67.237" classname="com.pss.qms.AssignQMSRoles.MultiUsersAssignRoleMarketComplaintsTest"/>
  <testcase name="toMultiUserCreation" time="67.147" classname="com.pss.qms.AssignQMSRoles.MultiUsersAssignRoleMarketComplaintsTest"/>
  <testcase name="toMultiUserCreation" time="62.349" classname="com.pss.qms.AssignQMSRoles.MultiUsersAssignRoleMarketComplaintsTest"/>
  <testcase name="toMultiUserCreation" time="104.377" classname="com.pss.qms.AssignQMSRoles.MultiUsersAssignRoleMarketComplaintsTest"/>
  <testcase name="toMultiUserCreation" time="103.117" classname="com.pss.qms.AssignQMSRoles.MultiUsersAssignRoleMarketComplaintsTest"/>
</testsuite> <!-- com.pss.qms.AssignQMSRoles.MultiUsersAssignRoleMarketComplaintsTest -->
