<?xml version="1.0" encoding="UTF-8"?>
<!-- Generated by org.testng.reporters.JUnitReportReporter -->
<testsuite skipped="0" hostname="DESKTOP-SKPPPFG" name="com.pss.qms.AuditManagementAdhocScheduleWithAIRejectionFlow.AuditObservationsReview" tests="2" failures="0" timestamp="2021-08-26T11:50:55 IST" time="121.157" errors="0">
  <testcase name="toAuditObservationsReview" time="60.491" classname="com.pss.qms.AuditManagementAdhocScheduleWithAIRejectionFlow.AuditObservationsReview"/>
  <testcase name="toAuditObservationsReview" time="60.666" classname="com.pss.qms.AuditManagementAdhocScheduleWithAIRejectionFlow.AuditObservationsReview"/>
</testsuite> <!-- com.pss.qms.AuditManagementAdhocScheduleWithAIRejectionFlow.AuditObservationsReview -->
