<?xml version="1.0" encoding="UTF-8"?>
<!-- Generated by org.testng.reporters.JUnitReportReporter -->
<testsuite skipped="0" hostname="DESKTOP-SKPPPFG" name="com.pss.qms.AuditManagementAdhocRejection.AuditeeResponseReview" tests="1" failures="0" timestamp="2021-08-25T19:37:36 IST" time="61.198" errors="0">
  <testcase name="toAuditeeResponseReview" time="61.198" classname="com.pss.qms.AuditManagementAdhocRejection.AuditeeResponseReview"/>
</testsuite> <!-- com.pss.qms.AuditManagementAdhocRejection.AuditeeResponseReview -->
