<?xml version="1.0" encoding="UTF-8"?>
<!-- Generated by org.testng.reporters.JUnitReportReporter -->
<testsuite skipped="0" hostname="DESKTOP-2TQFBEG" name="com.pss.qms.InvestigationWithCFTCAPAReject.InvestigationRequestAfterReject" tests="1" failures="0" timestamp="2021-10-19T17:28:26 IST" time="71.723" errors="0">
  <testcase name="InvestigationRequest" time="71.723" classname="com.pss.qms.InvestigationWithCFTCAPAReject.InvestigationRequestAfterReject"/>
</testsuite> <!-- com.pss.qms.InvestigationWithCFTCAPAReject.InvestigationRequestAfterReject -->
