<?xml version="1.0" encoding="UTF-8"?>
<!-- Generated by org.testng.reporters.JUnitReportReporter -->
<testsuite skipped="0" hostname="DESKTOP-2TQFBEG" name="com.pss.qms.RiskAssessmentRejection.QAReReviewAfterApproveReject" tests="2" failures="0" timestamp="2022-01-22T20:21:20 IST" time="103.493" errors="0">
  <testcase name="QAReReviewerRA" time="52.638" classname="com.pss.qms.RiskAssessmentRejection.QAReReviewAfterApproveReject"/>
  <testcase name="QAReReviewerRA" time="50.855" classname="com.pss.qms.RiskAssessmentRejection.QAReReviewAfterApproveReject"/>
</testsuite> <!-- com.pss.qms.RiskAssessmentRejection.QAReReviewAfterApproveReject -->
