<?xml version="1.0" encoding="UTF-8"?>
<!-- Generated by org.testng.reporters.JUnitReportReporter -->
<testsuite skipped="0" hostname="DESKTOP-SKPPPFG" name="com.pss.qms.AuditManagementExternalScheduleWithAIForwardFlow.ExternalSchedule" tests="1" failures="0" timestamp="2021-08-26T18:43:37 IST" time="52.094" errors="0">
  <testcase name="toExternalSchedule" time="52.094" classname="com.pss.qms.AuditManagementExternalScheduleWithAIForwardFlow.ExternalSchedule"/>
</testsuite> <!-- com.pss.qms.AuditManagementExternalScheduleWithAIForwardFlow.ExternalSchedule -->
