<?xml version="1.0" encoding="UTF-8"?>
<!-- Generated by org.testng.reporters.JUnitReportReporter -->
<testsuite skipped="0" hostname="PSS-LAP2" name="com.pss.qms.DeviationWithAiInvAndCAPA.QAReviewerCAPACAorPA" tests="1" failures="0" timestamp="2021-07-06T13:17:49 IST" time="87.420" errors="0">
  <testcase name="toQAReviewerCAPACAorPA" time="87.420" classname="com.pss.qms.DeviationWithAiInvAndCAPA.QAReviewerCAPACAorPA"/>
</testsuite> <!-- com.pss.qms.DeviationWithAiInvAndCAPA.QAReviewerCAPACAorPA -->
