<?xml version="1.0" encoding="UTF-8"?>
<!-- Generated by org.testng.reporters.JUnitReportReporter -->
<testsuite skipped="0" hostname="DESKTOP-2TQFBEG" name="com.pss.qms.RiskAssessmentModule.QAReviewerAfterNotifyCustomer" tests="1" failures="0" timestamp="2022-01-22T22:00:02 IST" time="44.774" errors="0">
  <testcase name="QAReviewAfterNotifyCustomer" time="44.774" classname="com.pss.qms.RiskAssessmentModule.QAReviewerAfterNotifyCustomer"/>
</testsuite> <!-- com.pss.qms.RiskAssessmentModule.QAReviewerAfterNotifyCustomer -->
