<?xml version="1.0" encoding="UTF-8"?>
<!-- Generated by org.testng.reporters.JUnitReportReporter -->
<testsuite skipped="0" hostname="DESKTOP-2TQFBEG" name="com.pss.qms.RiskAssessmentRejection.RiskIdentificationReject" tests="1" failures="0" timestamp="2021-10-18T12:38:53 IST" time="50.399" errors="0">
  <testcase name="RiskIdentificationReject" time="50.399" classname="com.pss.qms.RiskAssessmentRejection.RiskIdentificationReject"/>
</testsuite> <!-- com.pss.qms.RiskAssessmentRejection.RiskIdentificationReject -->
