<?xml version="1.0" encoding="UTF-8"?>
<!-- Generated by org.testng.reporters.JUnitReportReporter -->
<testsuite skipped="0" hostname="DESKTOP-2TQFBEG" name="com.pss.qms.IncidentManagementWithCustomerCftRACAPAInvRejFlow.InvRePerform" tests="2" failures="0" timestamp="2021-10-12T10:21:22 IST" time="346.047" errors="0">
  <testcase name="toInvRePerform" time="170.080" classname="com.pss.qms.IncidentManagementWithCustomerCftRACAPAInvRejFlow.InvRePerform"/>
  <testcase name="toInvRePerform" time="175.967" classname="com.pss.qms.IncidentManagementWithCustomerCftRACAPAInvRejFlow.InvRePerform"/>
</testsuite> <!-- com.pss.qms.IncidentManagementWithCustomerCftRACAPAInvRejFlow.InvRePerform -->
