<?xml version="1.0" encoding="UTF-8"?>
<!-- Generated by org.testng.reporters.JUnitReportReporter -->
<testsuite skipped="0" hostname="DESKTOP-SKPPPFG" name="com.pss.qms.AuditManagementAdhocRejection.AuditObservationsApprove" tests="1" failures="0" timestamp="2021-08-25T19:26:35 IST" time="59.929" errors="0">
  <testcase name="AuditObservationApprove" time="59.929" classname="com.pss.qms.AuditManagementAdhocRejection.AuditObservationsApprove"/>
</testsuite> <!-- com.pss.qms.AuditManagementAdhocRejection.AuditObservationsApprove -->
