<?xml version="1.0" encoding="UTF-8"?>
<!-- Generated by org.testng.reporters.JUnitReportReporter -->
<testsuite skipped="0" hostname="DESKTOP-SKPPPFG" name="com.pss.qms.DeviationWithInvAndCAPARejection.InvRePerform" tests="2" failures="0" timestamp="2022-03-15T18:19:37 IST" time="336.149" errors="0">
  <testcase name="toInvRePerform" time="169.810" classname="com.pss.qms.DeviationWithInvAndCAPARejection.InvRePerform"/>
  <testcase name="toInvRePerform" time="166.339" classname="com.pss.qms.DeviationWithInvAndCAPARejection.InvRePerform"/>
</testsuite> <!-- com.pss.qms.DeviationWithInvAndCAPARejection.InvRePerform -->
