<?xml version="1.0" encoding="UTF-8"?>
<!-- Generated by org.testng.reporters.JUnitReportReporter -->
<testsuite skipped="0" hostname="DESKTOP-SKPPPFG" name="com.pss.qms.WorkFlow.ChangeControlWorkFlow" tests="1" failures="0" timestamp="2021-06-30T12:18:14 IST" time="104.433" errors="0">
  <testcase name="ChangeControlWorkFlowMethod" time="104.433" classname="com.pss.qms.WorkFlow.ChangeControlWorkFlow"/>
</testsuite> <!-- com.pss.qms.WorkFlow.ChangeControlWorkFlow -->
