<?xml version="1.0" encoding="UTF-8"?>
<!-- Generated by org.testng.reporters.JUnitReportReporter -->
<testsuite skipped="0" hostname="DESKTOP-SKPPPFG" name="com.pss.qms.AuditManagementPlanSchWithAIRejectionFlow.ReviewAuditObservations" tests="2" failures="0" timestamp="2021-08-25T18:14:51 IST" time="102.934" errors="0">
  <testcase name="toReviewAuditObservations" time="51.422" classname="com.pss.qms.AuditManagementPlanSchWithAIRejectionFlow.ReviewAuditObservations"/>
  <testcase name="toReviewAuditObservations" time="51.512" classname="com.pss.qms.AuditManagementPlanSchWithAIRejectionFlow.ReviewAuditObservations"/>
</testsuite> <!-- com.pss.qms.AuditManagementPlanSchWithAIRejectionFlow.ReviewAuditObservations -->
