<?xml version="1.0" encoding="UTF-8"?>
<!-- Generated by org.testng.reporters.JUnitReportReporter -->
<testsuite skipped="0" hostname="DESKTOP-SKPPPFG" name="com.pss.qms.IncidentManagementWithCustomerCftRACAPARejFlow.QAReReviewAfterCustomerCftRaReject" tests="1" failures="0" timestamp="2021-08-20T10:45:15 IST" time="49.350" errors="0">
  <testcase name="QAReReviewerIncident" time="49.350" classname="com.pss.qms.IncidentManagementWithCustomerCftRACAPARejFlow.QAReReviewAfterCustomerCftRaReject"/>
</testsuite> <!-- com.pss.qms.IncidentManagementWithCustomerCftRACAPARejFlow.QAReReviewAfterCustomerCftRaReject -->
