<?xml version="1.0" encoding="UTF-8"?>
<!-- Generated by org.testng.reporters.JUnitReportReporter -->
<testsuite skipped="0" hostname="DESKTOP-SKPPPFG" name="com.pss.qms.ChangeControlModule.CCClosureApprove" tests="1" failures="0" timestamp="2022-03-21T18:26:41 IST" time="53.421" errors="0">
  <testcase name="toCCClosureApprove" time="53.421" classname="com.pss.qms.ChangeControlModule.CCClosureApprove"/>
</testsuite> <!-- com.pss.qms.ChangeControlModule.CCClosureApprove -->
