<?xml version="1.0" encoding="UTF-8"?>
<!-- Generated by org.testng.reporters.JUnitReportReporter -->
<testsuite skipped="0" hostname="DESKTOP-SKPPPFG" name="com.pss.qms.IncidentManagementWithCustomerCftRARejFlow.CFTReviewerRevertInc" tests="1" failures="0" timestamp="2021-08-19T16:58:00 IST" time="42.732" errors="0">
  <testcase name="CFTReviewerIncident" time="42.732" classname="com.pss.qms.IncidentManagementWithCustomerCftRARejFlow.CFTReviewerRevertInc"/>
</testsuite> <!-- com.pss.qms.IncidentManagementWithCustomerCftRARejFlow.CFTReviewerRevertInc -->
