<?xml version="1.0" encoding="UTF-8"?>
<!-- Generated by org.testng.reporters.JUnitReportReporter -->
<testsuite skipped="0" hostname="PSS-LAP2" name="com.pss.qms.DeviationWithAiInvAndCAPARejection.QAReviewerApproveDevWithAI" tests="1" failures="0" timestamp="2021-07-06T16:58:37 IST" time="194.732" errors="0">
  <testcase name="toQAReviewerDev" time="194.732" classname="com.pss.qms.DeviationWithAiInvAndCAPARejection.QAReviewerApproveDevWithAI"/>
</testsuite> <!-- com.pss.qms.DeviationWithAiInvAndCAPARejection.QAReviewerApproveDevWithAI -->
