<?xml version="1.0" encoding="UTF-8"?>
<!-- Generated by org.testng.reporters.JUnitReportReporter -->
<testsuite skipped="0" hostname="DESKTOP-2TQFBEG" name="com.pss.qms.IncidentManagementWithCustomerCftRACAPAInvRejFlow.CFTReviewerInc" tests="1" failures="0" timestamp="2021-10-11T19:58:43 IST" time="29.653" errors="0">
  <testcase name="CFTReviewerIncident" time="29.653" classname="com.pss.qms.IncidentManagementWithCustomerCftRACAPAInvRejFlow.CFTReviewerInc"/>
</testsuite> <!-- com.pss.qms.IncidentManagementWithCustomerCftRACAPAInvRejFlow.CFTReviewerInc -->
