<?xml version="1.0" encoding="UTF-8"?>
<!-- Generated by org.testng.reporters.JUnitReportReporter -->
<testsuite skipped="0" hostname="DESKTOP-2TQFBEG" name="com.pss.qms.RiskAssessmentRejection.QAApproverRAModule" tests="4" failures="0" timestamp="2022-01-22T20:21:20 IST" time="173.169" errors="0">
  <testcase name="QAApproverRA" time="46.714" classname="com.pss.qms.RiskAssessmentRejection.QAApproverRAModule"/>
  <testcase name="QAApproverRA" time="44.490" classname="com.pss.qms.RiskAssessmentRejection.QAApproverRAModule"/>
  <testcase name="QAApproverRA" time="42.666" classname="com.pss.qms.RiskAssessmentRejection.QAApproverRAModule"/>
  <testcase name="QAApproverRA" time="39.299" classname="com.pss.qms.RiskAssessmentRejection.QAApproverRAModule"/>
</testsuite> <!-- com.pss.qms.RiskAssessmentRejection.QAApproverRAModule -->
