<?xml version="1.0" encoding="UTF-8"?>
<!-- Generated by org.testng.reporters.JUnitReportReporter -->
<testsuite skipped="0" hostname="DESKTOP-2TQFBEG" name="com.pss.qms.DeviationWithInvAndCAPA.QAReviewCAPA" tests="1" failures="0" timestamp="2022-03-15T14:49:41 IST" time="35.279" errors="0">
  <testcase name="QAReview" time="35.279" classname="com.pss.qms.DeviationWithInvAndCAPA.QAReviewCAPA"/>
</testsuite> <!-- com.pss.qms.DeviationWithInvAndCAPA.QAReviewCAPA -->
