<?xml version="1.0" encoding="UTF-8"?>
<!-- Generated by org.testng.reporters.JUnitReportReporter -->
<testsuite skipped="0" hostname="DESKTOP-SKPPPFG" name="com.pss.qms.admin.AdminUserCreation.MultiOrganizationNodeCreationTest" tests="3" failures="0" timestamp="2021-06-28T17:39:26 IST" time="182.888" errors="0">
  <testcase name="toMultiUserCreation" time="63.652" classname="com.pss.qms.admin.AdminUserCreation.MultiOrganizationNodeCreationTest"/>
  <testcase name="toMultiUserCreation" time="54.355" classname="com.pss.qms.admin.AdminUserCreation.MultiOrganizationNodeCreationTest"/>
  <testcase name="toMultiUserCreation" time="64.881" classname="com.pss.qms.admin.AdminUserCreation.MultiOrganizationNodeCreationTest"/>
</testsuite> <!-- com.pss.qms.admin.AdminUserCreation.MultiOrganizationNodeCreationTest -->
