<?xml version="1.0" encoding="UTF-8"?>
<!-- Generated by org.testng.reporters.JUnitReportReporter -->
<testsuite skipped="0" hostname="DESKTOP-SKPPPFG" name="com.pss.qms.IncidentManagementWithCustomerCftRACAPA.PostApprovalActionsReview" tests="1" failures="0" timestamp="2021-08-20T10:19:32 IST" time="22.738" errors="0">
  <testcase name="PostApprovalActionsReviewIncident" time="22.738" classname="com.pss.qms.IncidentManagementWithCustomerCftRACAPA.PostApprovalActionsReview"/>
</testsuite> <!-- com.pss.qms.IncidentManagementWithCustomerCftRACAPA.PostApprovalActionsReview -->
