<?xml version="1.0" encoding="UTF-8"?>
<!-- Generated by org.testng.reporters.JUnitReportReporter -->
<testsuite skipped="0" hostname="DESKTOP-SKPPPFG" name="com.pss.qms.AuditManagementPlanSchWithAIRejectionFlow.AuditeeResponseReview" tests="2" failures="0" timestamp="2021-08-25T18:14:51 IST" time="118.646" errors="0">
  <testcase name="toAuditeeResponseReview" time="59.228" classname="com.pss.qms.AuditManagementPlanSchWithAIRejectionFlow.AuditeeResponseReview"/>
  <testcase name="toAuditeeResponseReview" time="59.418" classname="com.pss.qms.AuditManagementPlanSchWithAIRejectionFlow.AuditeeResponseReview"/>
</testsuite> <!-- com.pss.qms.AuditManagementPlanSchWithAIRejectionFlow.AuditeeResponseReview -->
