<?xml version="1.0" encoding="UTF-8"?>
<!-- Generated by org.testng.reporters.JUnitReportReporter -->
<testsuite skipped="0" hostname="PSS-LAP2" name="com.pss.qms.DeviationWithAiInvAndCAPA.DeptReviewerDev" tests="1" failures="0" timestamp="2021-07-06T11:39:43 IST" time="44.141" errors="0">
  <testcase name="toDeptReviewerDev" time="44.141" classname="com.pss.qms.DeviationWithAiInvAndCAPA.DeptReviewerDev"/>
</testsuite> <!-- com.pss.qms.DeviationWithAiInvAndCAPA.DeptReviewerDev -->
