<?xml version="1.0" encoding="UTF-8"?>
<!-- Generated by org.testng.reporters.JUnitReportReporter -->
<testsuite skipped="0" hostname="DESKTOP-SKPPPFG" name="com.pss.qms.AuditManagementExternalRejection.ExternalObsAndResponseRejectApprove" tests="1" failures="0" timestamp="2021-08-26T18:31:04 IST" time="66.274" errors="0">
  <testcase name="toExternalObsAndResponseRejectApprove" time="66.274" classname="com.pss.qms.AuditManagementExternalRejection.ExternalObsAndResponseRejectApprove"/>
</testsuite> <!-- com.pss.qms.AuditManagementExternalRejection.ExternalObsAndResponseRejectApprove -->
