<?xml version="1.0" encoding="UTF-8"?>
<!-- Generated by org.testng.reporters.JUnitReportReporter -->
<testsuite skipped="0" hostname="DESKTOP-SKPPPFG" name="com.pss.qms.ChangeControlModule.QAReviewCustomerNotification" tests="1" failures="0" timestamp="2022-03-21T18:05:25 IST" time="69.464" errors="0">
  <testcase name="toQAReviewCustomerNotification" time="69.464" classname="com.pss.qms.ChangeControlModule.QAReviewCustomerNotification"/>
</testsuite> <!-- com.pss.qms.ChangeControlModule.QAReviewCustomerNotification -->
