<?xml version="1.0" encoding="UTF-8"?>
<!-- Generated by org.testng.reporters.JUnitReportReporter -->
<testsuite skipped="0" hostname="PSS-LAP2" name="com.pss.qms.DeviationWithAiInvAndCAPA.ActionItemPerformAssignedByQMSCoordinator" tests="1" failures="0" timestamp="2021-07-06T11:48:20 IST" time="49.002" errors="0">
  <testcase name="toActionItemPerformAssignedByQMSCoordinator" time="49.002" classname="com.pss.qms.DeviationWithAiInvAndCAPA.ActionItemPerformAssignedByQMSCoordinator"/>
</testsuite> <!-- com.pss.qms.DeviationWithAiInvAndCAPA.ActionItemPerformAssignedByQMSCoordinator -->
