<?xml version="1.0" encoding="UTF-8"?>
<!-- Generated by org.testng.reporters.JUnitReportReporter -->
<testsuite skipped="0" hostname="DESKTOP-SKPPPFG" name="com.pss.qms.IncidentManagementWithCustomerCftRACAPAInv.QAApproverInc" tests="1" failures="0" timestamp="2021-08-18T20:53:44 IST" time="57.375" errors="0">
  <testcase name="QAApproverIncident" time="57.375" classname="com.pss.qms.IncidentManagementWithCustomerCftRACAPAInv.QAApproverInc"/>
</testsuite> <!-- com.pss.qms.IncidentManagementWithCustomerCftRACAPAInv.QAApproverInc -->
