<?xml version="1.0" encoding="UTF-8"?>
<!-- Generated by org.testng.reporters.JUnitReportReporter -->
<testsuite skipped="0" hostname="DESKTOP-2TQFBEG" name="com.pss.qms.Investigation.InvestigationRequestApproval" tests="1" failures="0" timestamp="2021-10-19T12:55:24 IST" time="39.001" errors="0">
  <testcase name="ApprovalInvestigationRequest" time="39.001" classname="com.pss.qms.Investigation.InvestigationRequestApproval"/>
</testsuite> <!-- com.pss.qms.Investigation.InvestigationRequestApproval -->
