<?xml version="1.0" encoding="UTF-8"?>
<!-- Generated by org.testng.reporters.JUnitReportReporter -->
<testsuite skipped="0" hostname="DESKTOP-2TQFBEG" name="com.pss.qms.RiskAssessmentModule.RiskAnalysisRAModule" tests="1" failures="0" timestamp="2022-01-22T21:32:43 IST" time="46.603" errors="0">
  <testcase name="RiskAnalysisRAModule" time="46.603" classname="com.pss.qms.RiskAssessmentModule.RiskAnalysisRAModule"/>
</testsuite> <!-- com.pss.qms.RiskAssessmentModule.RiskAnalysisRAModule -->
