<?xml version="1.0" encoding="UTF-8"?>
<!-- Generated by org.testng.reporters.JUnitReportReporter -->
<testsuite skipped="0" hostname="DESKTOP-SKPPPFG" name="com.pss.qms.AuditManagementExternalRejection.ExternalObservationsAndResponseReviewReject" tests="1" failures="0" timestamp="2021-08-26T17:47:23 IST" time="65.995" errors="0">
  <testcase name="toExternalObservationsAndResponseReviewReject" time="65.995" classname="com.pss.qms.AuditManagementExternalRejection.ExternalObservationsAndResponseReviewReject"/>
</testsuite> <!-- com.pss.qms.AuditManagementExternalRejection.ExternalObservationsAndResponseReviewReject -->
