<?xml version="1.0" encoding="UTF-8"?>
<!-- Generated by org.testng.reporters.JUnitReportReporter -->
<testsuite skipped="0" hostname="DESKTOP-SKPPPFG" name="com.pss.qms.AuditManagementAdhocScheduleWithAIRejectionFlow.AuditeeResponseRejectedApprove" tests="2" failures="0" timestamp="2021-08-26T11:50:56 IST" time="109.794" errors="0">
  <testcase name="toAuditeeResponseRejectedApprove" time="54.837" classname="com.pss.qms.AuditManagementAdhocScheduleWithAIRejectionFlow.AuditeeResponseRejectedApprove"/>
  <testcase name="toAuditeeResponseRejectedApprove" time="54.957" classname="com.pss.qms.AuditManagementAdhocScheduleWithAIRejectionFlow.AuditeeResponseRejectedApprove"/>
</testsuite> <!-- com.pss.qms.AuditManagementAdhocScheduleWithAIRejectionFlow.AuditeeResponseRejectedApprove -->
