<?xml version="1.0" encoding="UTF-8"?>
<!-- Generated by org.testng.reporters.JUnitReportReporter -->
<testsuite skipped="0" hostname="PSS-LAP2" name="com.pss.qms.DeviationWithInvAndCAPARejection.DeptHODReviewCAPACAorPA" tests="1" failures="0" timestamp="2021-07-07T15:06:16 IST" time="47.401" errors="0">
  <testcase name="toDeptHODReviewCAPACAorPA" time="47.401" classname="com.pss.qms.DeviationWithInvAndCAPARejection.DeptHODReviewCAPACAorPA"/>
</testsuite> <!-- com.pss.qms.DeviationWithInvAndCAPARejection.DeptHODReviewCAPACAorPA -->
