<?xml version="1.0" encoding="UTF-8"?>
<!-- Generated by org.testng.reporters.JUnitReportReporter -->
<testsuite skipped="0" hostname="DESKTOP-2TQFBEG" name="com.pss.qms.PropertiesFileUpdate.UpdateURLinPropertiesFile" tests="1" failures="0" timestamp="2022-05-13T10:26:20 IST" time="0.230" errors="0">
  <testcase name="main" time="0.230" classname="com.pss.qms.PropertiesFileUpdate.UpdateURLinPropertiesFile"/>
</testsuite> <!-- com.pss.qms.PropertiesFileUpdate.UpdateURLinPropertiesFile -->
