<?xml version="1.0" encoding="UTF-8"?>
<!-- Generated by org.testng.reporters.JUnitReportReporter -->
<testsuite skipped="0" hostname="DESKTOP-SKPPPFG" name="com.pss.qms.AuditManagementPlanSchdRejection.ApproveAuditObservations" tests="1" failures="0" timestamp="2021-08-25T13:26:50 IST" time="51.354" errors="0">
  <testcase name="AuditObservationApprove" time="51.354" classname="com.pss.qms.AuditManagementPlanSchdRejection.ApproveAuditObservations"/>
</testsuite> <!-- com.pss.qms.AuditManagementPlanSchdRejection.ApproveAuditObservations -->
