<?xml version="1.0" encoding="UTF-8"?>
<!-- Generated by org.testng.reporters.JUnitReportReporter -->
<testsuite skipped="0" hostname="DESKTOP-2TQFBEG" name="com.pss.qms.RiskAssessmentModule.CFTReviewerRAModule" tests="1" failures="0" timestamp="2022-01-22T22:00:02 IST" time="65.198" errors="0">
  <testcase name="CFTReviewerRA" time="65.198" classname="com.pss.qms.RiskAssessmentModule.CFTReviewerRAModule"/>
</testsuite> <!-- com.pss.qms.RiskAssessmentModule.CFTReviewerRAModule -->
