<?xml version="1.0" encoding="UTF-8"?>
<!-- Generated by org.testng.reporters.JUnitReportReporter -->
<testsuite skipped="0" hostname="DESKTOP-SKPPPFG" name="com.pss.qms.AuditManagementExternalScheduleWithAIRejectionFlow.ExternalSchedule" tests="1" failures="0" timestamp="2021-08-26T19:10:22 IST" time="47.088" errors="0">
  <testcase name="toExternalSchedule" time="47.088" classname="com.pss.qms.AuditManagementExternalScheduleWithAIRejectionFlow.ExternalSchedule"/>
</testsuite> <!-- com.pss.qms.AuditManagementExternalScheduleWithAIRejectionFlow.ExternalSchedule -->
