<?xml version="1.0" encoding="UTF-8"?>
<!-- Generated by org.testng.reporters.JUnitReportReporter -->
<testsuite skipped="0" hostname="DESKTOP-2TQFBEG" name="com.pss.qms.IncidentManagementWithCustomerCftRACAPAInvRejFlow.QAReviewRejectInc" tests="1" failures="0" timestamp="2021-10-07T16:00:02 IST" time="74.777" errors="0">
  <testcase name="QAReviewerRejectIncident" time="74.777" classname="com.pss.qms.IncidentManagementWithCustomerCftRACAPAInvRejFlow.QAReviewRejectInc"/>
</testsuite> <!-- com.pss.qms.IncidentManagementWithCustomerCftRACAPAInvRejFlow.QAReviewRejectInc -->
