<?xml version="1.0" encoding="UTF-8"?>
<!-- Generated by org.testng.reporters.JUnitReportReporter -->
<testsuite skipped="0" hostname="DESKTOP-SKPPPFG" name="com.pss.qms.AuditManagementPlanSchdRejection.AuditeeResponseReview" tests="2" failures="0" timestamp="2021-08-25T13:26:50 IST" time="109.606" errors="0">
  <testcase name="toAuditeeResponseReview" time="54.996" classname="com.pss.qms.AuditManagementPlanSchdRejection.AuditeeResponseReview"/>
  <testcase name="toAuditeeResponseReview" time="54.610" classname="com.pss.qms.AuditManagementPlanSchdRejection.AuditeeResponseReview"/>
</testsuite> <!-- com.pss.qms.AuditManagementPlanSchdRejection.AuditeeResponseReview -->
