<?xml version="1.0" encoding="UTF-8"?>
<!-- Generated by org.testng.reporters.JUnitReportReporter -->
<testsuite skipped="0" hostname="DESKTOP-SKPPPFG" name="com.pss.qms.AuditManagementAdhocScheduleWithAIRejectionFlow.AdhocSchdReject" tests="1" failures="0" timestamp="2021-08-26T11:50:55 IST" time="45.266" errors="0">
  <testcase name="toAdhocSchdReject" time="45.266" classname="com.pss.qms.AuditManagementAdhocScheduleWithAIRejectionFlow.AdhocSchdReject"/>
</testsuite> <!-- com.pss.qms.AuditManagementAdhocScheduleWithAIRejectionFlow.AdhocSchdReject -->
