<?xml version="1.0" encoding="UTF-8"?>
<!-- Generated by org.testng.reporters.JUnitReportReporter -->
<testsuite skipped="0" hostname="DESKTOP-SKPPPFG" name="com.pss.qms.DeviationWithInvAndCAPARejection.CloseDeviation" tests="1" failures="0" timestamp="2022-03-15T18:37:43 IST" time="58.790" errors="0">
  <testcase name="toCloseDeviation" time="58.790" classname="com.pss.qms.DeviationWithInvAndCAPARejection.CloseDeviation"/>
</testsuite> <!-- com.pss.qms.DeviationWithInvAndCAPARejection.CloseDeviation -->
