<?xml version="1.0" encoding="UTF-8"?>
<!-- Generated by org.testng.reporters.JUnitReportReporter -->
<testsuite skipped="0" hostname="DESKTOP-2TQFBEG" name="com.pss.qms.RiskAssessmentRejection.ReInitiateRejected" tests="3" failures="0" timestamp="2022-01-22T20:21:20 IST" time="143.212" errors="0">
  <testcase name="ReInitiateReject" time="51.452" classname="com.pss.qms.RiskAssessmentRejection.ReInitiateRejected"/>
  <testcase name="ReInitiateReject" time="45.411" classname="com.pss.qms.RiskAssessmentRejection.ReInitiateRejected"/>
  <testcase name="ReInitiateReject" time="46.349" classname="com.pss.qms.RiskAssessmentRejection.ReInitiateRejected"/>
</testsuite> <!-- com.pss.qms.RiskAssessmentRejection.ReInitiateRejected -->
