<?xml version="1.0" encoding="UTF-8"?>
<!-- Generated by org.testng.reporters.JUnitReportReporter -->
<testsuite skipped="0" hostname="DESKTOP-SKPPPFG" name="com.pss.qms.AuditManagementExternalScheduleWithAIRejectionFlow.ExternalAuditApprove" tests="1" failures="0" timestamp="2021-08-26T19:10:21 IST" time="41.767" errors="0">
  <testcase name="toExternalAuditApprove" time="41.767" classname="com.pss.qms.AuditManagementExternalScheduleWithAIRejectionFlow.ExternalAuditApprove"/>
</testsuite> <!-- com.pss.qms.AuditManagementExternalScheduleWithAIRejectionFlow.ExternalAuditApprove -->
