<?xml version="1.0" encoding="UTF-8"?>
<!-- Generated by org.testng.reporters.JUnitReportReporter -->
<testsuite skipped="0" hostname="DESKTOP-SKPPPFG" name="com.pss.qms.IncidentManagementWithCustomerCftRACAPARejFlow.DeptReviewerApproveAfterQAReviewRevertInc" tests="1" failures="0" timestamp="2021-08-20T10:45:15 IST" time="37.403" errors="0">
  <testcase name="DeptReviewerIncident" time="37.403" classname="com.pss.qms.IncidentManagementWithCustomerCftRACAPARejFlow.DeptReviewerApproveAfterQAReviewRevertInc"/>
</testsuite> <!-- com.pss.qms.IncidentManagementWithCustomerCftRACAPARejFlow.DeptReviewerApproveAfterQAReviewRevertInc -->
