<?xml version="1.0" encoding="UTF-8"?>
<!-- Generated by org.testng.reporters.JUnitReportReporter -->
<testsuite skipped="0" hostname="DESKTOP-2TQFBEG" name="com.pss.qms.CAPACAorPARejFlow.PARejectCAPA" tests="1" failures="0" timestamp="2022-01-28T16:29:23 IST" time="39.705" errors="0">
  <testcase name="toReviewCAPA" time="39.705" classname="com.pss.qms.CAPACAorPARejFlow.PARejectCAPA"/>
</testsuite> <!-- com.pss.qms.CAPACAorPARejFlow.PARejectCAPA -->
