<?xml version="1.0" encoding="UTF-8"?>
<!-- Generated by org.testng.reporters.JUnitReportReporter -->
<testsuite skipped="0" hostname="DESKTOP-SKPPPFG" name="com.pss.qms.AuditManagementPlanSchWithAIRejectionFlow.AuditeeResponseRejectedApprove" tests="2" failures="0" timestamp="2021-08-25T18:14:51 IST" time="116.145" errors="0">
  <testcase name="toAuditeeResponseRejectedApprove" time="58.039" classname="com.pss.qms.AuditManagementPlanSchWithAIRejectionFlow.AuditeeResponseRejectedApprove"/>
  <testcase name="toAuditeeResponseRejectedApprove" time="58.106" classname="com.pss.qms.AuditManagementPlanSchWithAIRejectionFlow.AuditeeResponseRejectedApprove"/>
</testsuite> <!-- com.pss.qms.AuditManagementPlanSchWithAIRejectionFlow.AuditeeResponseRejectedApprove -->
