<?xml version="1.0" encoding="UTF-8"?>
<!-- Generated by org.testng.reporters.JUnitReportReporter -->
<testsuite skipped="0" hostname="PSS-LAP2" name="com.pss.qms.IncidentManagementWithCustomerCftRARejFlow.QAReviewerIncWithAI" tests="1" failures="0" timestamp="2021-07-12T17:27:40 IST" time="225.689" errors="0">
  <testcase name="toQAReviewerIncWithAI" time="225.689" classname="com.pss.qms.IncidentManagementWithCustomerCftRARejFlow.QAReviewerIncWithAI"/>
</testsuite> <!-- com.pss.qms.IncidentManagementWithCustomerCftRARejFlow.QAReviewerIncWithAI -->
