<?xml version="1.0" encoding="UTF-8"?>
<!-- Generated by org.testng.reporters.JUnitReportReporter -->
<testsuite skipped="0" hostname="DESKTOP-2TQFBEG" name="com.pss.qms.IncidentManagementWithCustomerCftRACAPAInvRejFlow.QAReviewNotifyCustomerInc" tests="1" failures="0" timestamp="2021-10-11T19:58:43 IST" time="47.591" errors="0">
  <testcase name="QAReviewerNotifyCustomer" time="47.591" classname="com.pss.qms.IncidentManagementWithCustomerCftRACAPAInvRejFlow.QAReviewNotifyCustomerInc"/>
</testsuite> <!-- com.pss.qms.IncidentManagementWithCustomerCftRACAPAInvRejFlow.QAReviewNotifyCustomerInc -->
