<?xml version="1.0" encoding="UTF-8"?>
<!-- Generated by org.testng.reporters.JUnitReportReporter -->
<testsuite skipped="0" hostname="DESKTOP-2TQFBEG" name="com.pss.qms.InvestigationWithCFTCAPAReject.InvestigationPlan" tests="1" failures="0" timestamp="2021-10-19T17:35:56 IST" time="88.870" errors="0">
  <testcase name="PlanInvestigation" time="88.870" classname="com.pss.qms.InvestigationWithCFTCAPAReject.InvestigationPlan"/>
</testsuite> <!-- com.pss.qms.InvestigationWithCFTCAPAReject.InvestigationPlan -->
