<?xml version="1.0" encoding="UTF-8"?>
<!-- Generated by org.testng.reporters.JUnitReportReporter -->
<testsuite skipped="0" hostname="DESKTOP-2TQFBEG" name="com.pss.qms.CAPACAorPAFwd.QAApproverCAPACAorPA" tests="1" failures="0" timestamp="2022-01-27T12:02:38 IST" time="80.596" errors="0">
  <testcase name="QAApproverCAPACAorPA" time="80.596" classname="com.pss.qms.CAPACAorPAFwd.QAApproverCAPACAorPA"/>
</testsuite> <!-- com.pss.qms.CAPACAorPAFwd.QAApproverCAPACAorPA -->
