<?xml version="1.0" encoding="UTF-8"?>
<!-- Generated by org.testng.reporters.JUnitReportReporter -->
<testsuite skipped="0" hostname="DESKTOP-SKPPPFG" name="com.pss.qms.AuditManagementExternalRejection.ExternalScheduleRejectApprove" tests="1" failures="0" timestamp="2021-08-26T17:33:18 IST" time="49.778" errors="0">
  <testcase name="ExternalRejectApprove" time="49.778" classname="com.pss.qms.AuditManagementExternalRejection.ExternalScheduleRejectApprove"/>
</testsuite> <!-- com.pss.qms.AuditManagementExternalRejection.ExternalScheduleRejectApprove -->
