<?xml version="1.0" encoding="UTF-8"?>
<!-- Generated by org.testng.reporters.JUnitReportReporter -->
<testsuite skipped="0" hostname="DESKTOP-2TQFBEG" name="com.pss.qms.InvestigationReject.InvestigationPlan" tests="1" failures="0" timestamp="2021-10-19T16:51:27 IST" time="84.706" errors="0">
  <testcase name="PlanInvestigation" time="84.706" classname="com.pss.qms.InvestigationReject.InvestigationPlan"/>
</testsuite> <!-- com.pss.qms.InvestigationReject.InvestigationPlan -->
