<?xml version="1.0" encoding="UTF-8"?>
<!-- Generated by org.testng.reporters.JUnitReportReporter -->
<testsuite skipped="0" hostname="DESKTOP-2TQFBEG" name="com.pss.qms.RiskAssessmentModule.DeptReviewerRAModule" tests="1" failures="0" timestamp="2022-01-22T22:00:02 IST" time="53.138" errors="0">
  <testcase name="DeptReviewerRA" time="53.138" classname="com.pss.qms.RiskAssessmentModule.DeptReviewerRAModule"/>
</testsuite> <!-- com.pss.qms.RiskAssessmentModule.DeptReviewerRAModule -->
