<?xml version="1.0" encoding="UTF-8"?>
<!-- Generated by org.testng.reporters.JUnitReportReporter -->
<testsuite skipped="0" hostname="DESKTOP-2TQFBEG" name="com.pss.qms.CAPACAorPAFwd.CAPAApproveTaskCA" tests="1" failures="0" timestamp="2022-01-27T12:02:38 IST" time="50.304" errors="0">
  <testcase name="CAPAApproveTaskCA" time="50.304" classname="com.pss.qms.CAPACAorPAFwd.CAPAApproveTaskCA"/>
</testsuite> <!-- com.pss.qms.CAPACAorPAFwd.CAPAApproveTaskCA -->
