<?xml version="1.0" encoding="UTF-8"?>
<!-- Generated by org.testng.reporters.JUnitReportReporter -->
<testsuite skipped="0" hostname="DESKTOP-2TQFBEG" name="com.pss.qms.DeviationWithInvAndCAPA.CloseDeviation" tests="1" failures="0" timestamp="2022-03-15T14:49:41 IST" time="66.488" errors="0">
  <testcase name="toCloseDeviation" time="66.488" classname="com.pss.qms.DeviationWithInvAndCAPA.CloseDeviation"/>
</testsuite> <!-- com.pss.qms.DeviationWithInvAndCAPA.CloseDeviation -->
