<?xml version="1.0" encoding="UTF-8"?>
<!-- Generated by org.testng.reporters.JUnitReportReporter -->
<testsuite skipped="0" hostname="PSS-LAP2" name="com.pss.qms.DeviationWithInvAndCAPARejection.PostApprovalActionInitiate" tests="1" failures="0" timestamp="2021-07-05T18:17:20 IST" time="81.273" errors="0">
  <testcase name="toPostApprovalActionInitiate" time="81.273" classname="com.pss.qms.DeviationWithInvAndCAPARejection.PostApprovalActionInitiate"/>
</testsuite> <!-- com.pss.qms.DeviationWithInvAndCAPARejection.PostApprovalActionInitiate -->
