<?xml version="1.0" encoding="UTF-8"?>
<!-- Generated by org.testng.reporters.JUnitReportReporter -->
<testsuite skipped="0" hostname="PSS-LAP2" name="com.pss.qms.DeviationWithAiInvAndCAPARejection.QAApproverRejectDev" tests="1" failures="0" timestamp="2021-07-06T16:58:37 IST" time="76.074" errors="0">
  <testcase name="toQAApproverRejectDev" time="76.074" classname="com.pss.qms.DeviationWithAiInvAndCAPARejection.QAApproverRejectDev"/>
</testsuite> <!-- com.pss.qms.DeviationWithAiInvAndCAPARejection.QAApproverRejectDev -->
