<?xml version="1.0" encoding="UTF-8"?>
<!-- Generated by org.testng.reporters.JUnitReportReporter -->
<testsuite skipped="0" hostname="DESKTOP-SKPPPFG" name="com.pss.qms.WorkFlow.MarketComplaintsWorkFlow" tests="1" failures="0" timestamp="2021-06-30T16:32:39 IST" time="58.558" errors="0">
  <testcase name="MarketComplaintsWorkFlowMethod" time="58.558" classname="com.pss.qms.WorkFlow.MarketComplaintsWorkFlow"/>
</testsuite> <!-- com.pss.qms.WorkFlow.MarketComplaintsWorkFlow -->
