<?xml version="1.0" encoding="UTF-8"?>
<!-- Generated by org.testng.reporters.JUnitReportReporter -->
<testsuite skipped="0" hostname="DESKTOP-SKPPPFG" name="com.pss.qms.AuditManagementAdhocRejection.AuditObservationsReviewReject" tests="1" failures="0" timestamp="2021-08-25T19:03:19 IST" time="63.265" errors="0">
  <testcase name="toAuditObservationsReviewReject" time="63.265" classname="com.pss.qms.AuditManagementAdhocRejection.AuditObservationsReviewReject"/>
</testsuite> <!-- com.pss.qms.AuditManagementAdhocRejection.AuditObservationsReviewReject -->
