<?xml version="1.0" encoding="UTF-8"?>
<!-- Generated by org.testng.reporters.JUnitReportReporter -->
<testsuite skipped="0" hostname="DESKTOP-SKPPPFG" name="com.pss.qms.AuditManagementAdhocScheduleWithAIFwdFlow.ActionItemApprove" tests="1" failures="0" timestamp="2021-08-25T20:28:59 IST" time="54.839" errors="0">
  <testcase name="toActionItemApprove" time="54.839" classname="com.pss.qms.AuditManagementAdhocScheduleWithAIFwdFlow.ActionItemApprove"/>
</testsuite> <!-- com.pss.qms.AuditManagementAdhocScheduleWithAIFwdFlow.ActionItemApprove -->
