<?xml version="1.0" encoding="UTF-8"?>
<!-- Generated by org.testng.reporters.JUnitReportReporter -->
<testsuite skipped="0" hostname="PSS-LAP2" name="com.pss.qms.DeviationWithAiInvAndCAPARejection.QAApproverCAPA" tests="1" failures="0" timestamp="2021-07-06T17:48:48 IST" time="54.224" errors="0">
  <testcase name="toQAApproverCAPA" time="54.224" classname="com.pss.qms.DeviationWithAiInvAndCAPARejection.QAApproverCAPA"/>
</testsuite> <!-- com.pss.qms.DeviationWithAiInvAndCAPARejection.QAApproverCAPA -->
