<?xml version="1.0" encoding="UTF-8"?>
<!-- Generated by org.testng.reporters.JUnitReportReporter -->
<testsuite skipped="0" hostname="DESKTOP-SKPPPFG" name="com.pss.qms.DeviationWithInvAndCAPARejection.ReInitiateDeviation" tests="2" failures="0" timestamp="2022-03-15T18:19:37 IST" time="103.517" errors="0">
  <testcase name="toReInitiateDeviation" time="52.025" classname="com.pss.qms.DeviationWithInvAndCAPARejection.ReInitiateDeviation"/>
  <testcase name="toReInitiateDeviation" time="51.492" classname="com.pss.qms.DeviationWithInvAndCAPARejection.ReInitiateDeviation"/>
</testsuite> <!-- com.pss.qms.DeviationWithInvAndCAPARejection.ReInitiateDeviation -->
