<?xml version="1.0" encoding="UTF-8"?>
<!-- Generated by org.testng.reporters.JUnitReportReporter -->
<testsuite skipped="0" hostname="DESKTOP-2TQFBEG" name="com.pss.qms.CAPACAorPAFwd.DeptHODCAPAModuleCAorPA" tests="1" failures="0" timestamp="2022-01-27T12:02:38 IST" time="67.843" errors="0">
  <testcase name="deptHODCAPAModuleCAorPA" time="67.843" classname="com.pss.qms.CAPACAorPAFwd.DeptHODCAPAModuleCAorPA"/>
</testsuite> <!-- com.pss.qms.CAPACAorPAFwd.DeptHODCAPAModuleCAorPA -->
