<?xml version="1.0" encoding="UTF-8"?>
<!-- Generated by org.testng.reporters.JUnitReportReporter -->
<testsuite skipped="0" hostname="DESKTOP-SKPPPFG" name="com.pss.qms.IncidentManagementWithCustomerCftRACAPARejFlow.DeptReviewerRejectInc" tests="1" failures="0" timestamp="2021-08-20T10:45:15 IST" time="38.926" errors="0">
  <testcase name="DeptReviewerIncident" time="38.926" classname="com.pss.qms.IncidentManagementWithCustomerCftRACAPARejFlow.DeptReviewerRejectInc"/>
</testsuite> <!-- com.pss.qms.IncidentManagementWithCustomerCftRACAPARejFlow.DeptReviewerRejectInc -->
