<?xml version="1.0" encoding="UTF-8"?>
<!-- Generated by org.testng.reporters.JUnitReportReporter -->
<testsuite skipped="0" hostname="DESKTOP-2TQFBEG" name="com.pss.qms.RiskAssessmentRejection.RiskAssessmentRejectedApprove" tests="1" failures="0" timestamp="2021-10-18T12:38:53 IST" time="52.574" errors="0">
  <testcase name="RiskAssessmentRejectedApprove" time="52.574" classname="com.pss.qms.RiskAssessmentRejection.RiskAssessmentRejectedApprove"/>
</testsuite> <!-- com.pss.qms.RiskAssessmentRejection.RiskAssessmentRejectedApprove -->
