<?xml version="1.0" encoding="UTF-8"?>
<!-- Generated by org.testng.reporters.JUnitReportReporter -->
<testsuite skipped="0" hostname="DESKTOP-SKPPPFG" name="com.pss.qms.AuditManagementExternalScheduleWithAIForwardFlow.ActionItemPerform" tests="1" failures="0" timestamp="2021-08-26T18:56:17 IST" time="64.835" errors="0">
  <testcase name="toActionItemPerform" time="64.835" classname="com.pss.qms.AuditManagementExternalScheduleWithAIForwardFlow.ActionItemPerform"/>
</testsuite> <!-- com.pss.qms.AuditManagementExternalScheduleWithAIForwardFlow.ActionItemPerform -->
