<?xml version="1.0" encoding="UTF-8"?>
<!-- Generated by org.testng.reporters.JUnitReportReporter -->
<testsuite skipped="0" hostname="DESKTOP-2TQFBEG" name="com.pss.qms.CAPACAorPARejFlow.CAPACompletionReject" tests="1" failures="0" timestamp="2022-01-28T16:29:23 IST" time="69.410" errors="0">
  <testcase name="CAPACompletionReject" time="69.410" classname="com.pss.qms.CAPACAorPARejFlow.CAPACompletionReject"/>
</testsuite> <!-- com.pss.qms.CAPACAorPARejFlow.CAPACompletionReject -->
