<?xml version="1.0" encoding="UTF-8"?>
<!-- Generated by org.testng.reporters.JUnitReportReporter -->
<testsuite skipped="0" hostname="DESKTOP-SKPPPFG" name="com.pss.qms.AuditManagementPlanSchWithAIRejectionFlow.ActionItemApprove2" tests="1" failures="0" timestamp="2021-08-25T18:14:51 IST" time="46.142" errors="0">
  <testcase name="toActionItemApprove" time="46.142" classname="com.pss.qms.AuditManagementPlanSchWithAIRejectionFlow.ActionItemApprove2"/>
</testsuite> <!-- com.pss.qms.AuditManagementPlanSchWithAIRejectionFlow.ActionItemApprove2 -->
