<?xml version="1.0" encoding="UTF-8"?>
<!-- Generated by org.testng.reporters.JUnitReportReporter -->
<testsuite skipped="0" hostname="DESKTOP-SKPPPFG" name="com.pss.qms.AuditManagementPlanSchWithAIForwardFlow.ActionItemPerform" tests="1" failures="0" timestamp="2021-08-25T15:04:54 IST" time="61.571" errors="0">
  <testcase name="toActionItemPerform" time="61.571" classname="com.pss.qms.AuditManagementPlanSchWithAIForwardFlow.ActionItemPerform"/>
</testsuite> <!-- com.pss.qms.AuditManagementPlanSchWithAIForwardFlow.ActionItemPerform -->
