<?xml version="1.0" encoding="UTF-8"?>
<!-- Generated by org.testng.reporters.JUnitReportReporter -->
<testsuite skipped="0" hostname="DESKTOP-SKPPPFG" name="com.pss.qms.IncidentManagementWithCustomerCftRACAPA.QAApproverInc" tests="1" failures="0" timestamp="2021-08-20T09:51:56 IST" time="47.987" errors="0">
  <testcase name="QAApproverIncident" time="47.987" classname="com.pss.qms.IncidentManagementWithCustomerCftRACAPA.QAApproverInc"/>
</testsuite> <!-- com.pss.qms.IncidentManagementWithCustomerCftRACAPA.QAApproverInc -->
