<?xml version="1.0" encoding="UTF-8"?>
<!-- Generated by org.testng.reporters.JUnitReportReporter -->
<testsuite skipped="0" hostname="DESKTOP-SKPPPFG" name="com.pss.qms.RiskAssessmentRejection.CustNotificationRejectRA" tests="1" failures="0" timestamp="2021-08-23T21:00:28 IST" time="46.116" errors="0">
  <testcase name="QAReviewAfterNotifyCustomer" time="46.116" classname="com.pss.qms.RiskAssessmentRejection.CustNotificationRejectRA"/>
</testsuite> <!-- com.pss.qms.RiskAssessmentRejection.CustNotificationRejectRA -->
