<?xml version="1.0" encoding="UTF-8"?>
<!-- Generated by org.testng.reporters.JUnitReportReporter -->
<testsuite skipped="0" hostname="DESKTOP-SKPPPFG" name="com.pss.qms.IncidentManagementWithCustomerCftRARejFlow.CFTReviewerInc" tests="1" failures="0" timestamp="2021-08-19T17:13:49 IST" time="49.188" errors="0">
  <testcase name="CFTReviewerIncident" time="49.188" classname="com.pss.qms.IncidentManagementWithCustomerCftRARejFlow.CFTReviewerInc"/>
</testsuite> <!-- com.pss.qms.IncidentManagementWithCustomerCftRARejFlow.CFTReviewerInc -->
