<?xml version="1.0" encoding="UTF-8"?>
<!-- Generated by org.testng.reporters.JUnitReportReporter -->
<testsuite skipped="0" hostname="DESKTOP-2TQFBEG" name="com.pss.qms.IncidentManagementWithCustomerCftRACAPAInvRejFlow.QAApproverIncWithAI" tests="1" failures="0" timestamp="2021-10-12T10:21:22 IST" time="78.937" errors="0">
  <testcase name="QAApproverIncident" time="78.937" classname="com.pss.qms.IncidentManagementWithCustomerCftRACAPAInvRejFlow.QAApproverIncWithAI"/>
</testsuite> <!-- com.pss.qms.IncidentManagementWithCustomerCftRACAPAInvRejFlow.QAApproverIncWithAI -->
