<?xml version="1.0" encoding="UTF-8"?>
<!-- Generated by org.testng.reporters.JUnitReportReporter -->
<testsuite skipped="0" hostname="PSS-LAP2" name="com.pss.qms.DeviationWithAiInvAndCAPA.DeptHODReviewCAPACAorPA" tests="1" failures="0" timestamp="2021-07-06T12:47:22 IST" time="44.529" errors="0">
  <testcase name="toDeptHODReviewCAPACAorPA" time="44.529" classname="com.pss.qms.DeviationWithAiInvAndCAPA.DeptHODReviewCAPACAorPA"/>
</testsuite> <!-- com.pss.qms.DeviationWithAiInvAndCAPA.DeptHODReviewCAPACAorPA -->
