<?xml version="1.0" encoding="UTF-8"?>
<!-- Generated by org.testng.reporters.JUnitReportReporter -->
<testsuite skipped="0" hostname="DESKTOP-SKPPPFG" name="com.pss.qms.WorkFlow.ChangeControlCheckListMap" tests="1" failures="0" timestamp="2021-06-30T17:08:23 IST" time="42.476" errors="0">
  <testcase name="ChangeControlWorkFlowMethod" time="42.476" classname="com.pss.qms.WorkFlow.ChangeControlCheckListMap"/>
</testsuite> <!-- com.pss.qms.WorkFlow.ChangeControlCheckListMap -->
