<?xml version="1.0" encoding="UTF-8"?>
<!-- Generated by org.testng.reporters.JUnitReportReporter -->
<testsuite skipped="0" hostname="DESKTOP-SKPPPFG" name="com.pss.qms.AuditManagementPlanSchWithAIRejectionFlow.InternalAuditObservationsRejectedApprove" tests="2" failures="0" timestamp="2021-08-25T18:14:51 IST" time="100.668" errors="0">
  <testcase name="toInternalAuditObservationsRejectedApprove" time="50.427" classname="com.pss.qms.AuditManagementPlanSchWithAIRejectionFlow.InternalAuditObservationsRejectedApprove"/>
  <testcase name="toInternalAuditObservationsRejectedApprove" time="50.241" classname="com.pss.qms.AuditManagementPlanSchWithAIRejectionFlow.InternalAuditObservationsRejectedApprove"/>
</testsuite> <!-- com.pss.qms.AuditManagementPlanSchWithAIRejectionFlow.InternalAuditObservationsRejectedApprove -->
