<?xml version="1.0" encoding="UTF-8"?>
<!-- Generated by org.testng.reporters.JUnitReportReporter -->
<testsuite skipped="0" hostname="PSS-LAP2" name="com.pss.qms.DeviationWithAiInvAndCAPARejection.CustomerResponseReject" tests="1" failures="0" timestamp="2021-07-06T16:58:37 IST" time="89.257" errors="0">
  <testcase name="toCustomerResponseReject" time="89.257" classname="com.pss.qms.DeviationWithAiInvAndCAPARejection.CustomerResponseReject"/>
</testsuite> <!-- com.pss.qms.DeviationWithAiInvAndCAPARejection.CustomerResponseReject -->
