<?xml version="1.0" encoding="UTF-8"?>
<!-- Generated by org.testng.reporters.JUnitReportReporter -->
<testsuite skipped="0" hostname="DESKTOP-SKPPPFG" name="com.pss.qms.IncidentManagementWithCustomerCftRARejFlow.IncidentInitiation" tests="1" failures="0" timestamp="2021-08-19T16:58:01 IST" time="284.504" errors="0">
  <testcase name="methodtoInitiateIncident" time="284.504" classname="com.pss.qms.IncidentManagementWithCustomerCftRARejFlow.IncidentInitiation"/>
</testsuite> <!-- com.pss.qms.IncidentManagementWithCustomerCftRARejFlow.IncidentInitiation -->
