<?xml version="1.0" encoding="UTF-8"?>
<!-- Generated by org.testng.reporters.JUnitReportReporter -->
<testsuite skipped="0" hostname="DESKTOP-SKPPPFG" name="com.pss.qms.AuditManagementExternalRejection.ExternalObservationsAndResponseReview" tests="1" failures="0" timestamp="2021-08-26T18:31:04 IST" time="63.511" errors="0">
  <testcase name="toExternalObservationsAndResponseReview" time="63.511" classname="com.pss.qms.AuditManagementExternalRejection.ExternalObservationsAndResponseReview"/>
</testsuite> <!-- com.pss.qms.AuditManagementExternalRejection.ExternalObservationsAndResponseReview -->
