<?xml version="1.0" encoding="UTF-8"?>
<!-- Generated by org.testng.reporters.JUnitReportReporter -->
<testsuite skipped="0" hostname="DESKTOP-2TQFBEG" name="com.pss.qms.InvestigationWithCFTCAPAReject.InvestigationReviewRevert" tests="1" failures="0" timestamp="2021-10-19T18:00:34 IST" time="48.687" errors="0">
  <testcase name="RevertInvestigationReview" time="48.687" classname="com.pss.qms.InvestigationWithCFTCAPAReject.InvestigationReviewRevert"/>
</testsuite> <!-- com.pss.qms.InvestigationWithCFTCAPAReject.InvestigationReviewRevert -->
