<?xml version="1.0" encoding="UTF-8"?>
<!-- Generated by org.testng.reporters.JUnitReportReporter -->
<testsuite skipped="0" hostname="DESKTOP-SKPPPFG" name="com.pss.qms.AuditManagementExternalRejection.ExternalObservationsAndResponseApproval" tests="1" failures="0" timestamp="2021-08-26T18:31:04 IST" time="63.357" errors="0">
  <testcase name="toExternalObservationsAndResponseApproval" time="63.357" classname="com.pss.qms.AuditManagementExternalRejection.ExternalObservationsAndResponseApproval"/>
</testsuite> <!-- com.pss.qms.AuditManagementExternalRejection.ExternalObservationsAndResponseApproval -->
