<?xml version="1.0" encoding="UTF-8"?>
<!-- Generated by org.testng.reporters.JUnitReportReporter -->
<testsuite skipped="0" hostname="DESKTOP-SKPPPFG" name="com.pss.qms.ChangeControlModule.PostApprovalActionReview" tests="1" failures="0" timestamp="2022-03-21T18:23:55 IST" time="119.928" errors="0">
  <testcase name="toPostApprovalActionReview" time="119.928" classname="com.pss.qms.ChangeControlModule.PostApprovalActionReview"/>
</testsuite> <!-- com.pss.qms.ChangeControlModule.PostApprovalActionReview -->
