<?xml version="1.0" encoding="UTF-8"?>
<!-- Generated by org.testng.reporters.JUnitReportReporter -->
<testsuite skipped="0" hostname="DESKTOP-SKPPPFG" name="com.pss.qms.AuditManagementPlanSchWithAIRejectionFlow.InternalAuditObservations" tests="1" failures="0" timestamp="2021-08-25T18:14:51 IST" time="265.957" errors="0">
  <testcase name="toInternalAuditObservations" time="265.957" classname="com.pss.qms.AuditManagementPlanSchWithAIRejectionFlow.InternalAuditObservations"/>
</testsuite> <!-- com.pss.qms.AuditManagementPlanSchWithAIRejectionFlow.InternalAuditObservations -->
