<?xml version="1.0" encoding="UTF-8"?>
<!-- Generated by org.testng.reporters.JUnitReportReporter -->
<testsuite skipped="0" hostname="PSS-LAP2" name="com.pss.qms.DeviationWithAiInvAndCAPARejection.CustomerResponse" tests="1" failures="0" timestamp="2021-07-06T16:58:37 IST" time="45.830" errors="0">
  <testcase name="toCustomerResponse" time="45.830" classname="com.pss.qms.DeviationWithAiInvAndCAPARejection.CustomerResponse"/>
</testsuite> <!-- com.pss.qms.DeviationWithAiInvAndCAPARejection.CustomerResponse -->
