<?xml version="1.0" encoding="UTF-8"?>
<!-- Generated by org.testng.reporters.JUnitReportReporter -->
<testsuite skipped="0" hostname="PSS-LAP2" name="com.pss.qms.DeviationWithAiInvAndCAPA.QAReviewCustomerResponseDev" tests="1" failures="0" timestamp="2021-07-06T11:39:43 IST" time="42.363" errors="0">
  <testcase name="toQAReviewCustomerResponseDev" time="42.363" classname="com.pss.qms.DeviationWithAiInvAndCAPA.QAReviewCustomerResponseDev"/>
</testsuite> <!-- com.pss.qms.DeviationWithAiInvAndCAPA.QAReviewCustomerResponseDev -->
