<?xml version="1.0" encoding="UTF-8"?>
<!-- Generated by org.testng.reporters.JUnitReportReporter -->
<testsuite skipped="0" hostname="DESKTOP-SKPPPFG" name="com.pss.qms.AuditManagementAdhocScheduleWithCAPAForwardFlow.AuditeeResponseApprove" tests="1" failures="0" timestamp="2021-08-26T15:06:04 IST" time="64.180" errors="0">
  <testcase name="AuditeeResponseApprove" time="64.180" classname="com.pss.qms.AuditManagementAdhocScheduleWithCAPAForwardFlow.AuditeeResponseApprove"/>
</testsuite> <!-- com.pss.qms.AuditManagementAdhocScheduleWithCAPAForwardFlow.AuditeeResponseApprove -->
