<?xml version="1.0" encoding="UTF-8"?>
<!-- Generated by org.testng.reporters.JUnitReportReporter -->
<testsuite skipped="0" hostname="DESKTOP-SKPPPFG" name="com.pss.qms.DeviationWithInvAndCAPARejection.CustomerResponse" tests="1" failures="0" timestamp="2022-03-15T18:19:37 IST" time="44.587" errors="0">
  <testcase name="toCustomerResponse" time="44.587" classname="com.pss.qms.DeviationWithInvAndCAPARejection.CustomerResponse"/>
</testsuite> <!-- com.pss.qms.DeviationWithInvAndCAPARejection.CustomerResponse -->
