<?xml version="1.0" encoding="UTF-8"?>
<!-- Generated by org.testng.reporters.JUnitReportReporter -->
<testsuite skipped="0" hostname="DESKTOP-SKPPPFG" name="com.pss.qms.IncidentManagementWithCustomerCftRACAPAInv.QAReviewerInc" tests="1" failures="0" timestamp="2021-08-18T14:38:20 IST" time="161.554" errors="0">
  <testcase name="QAReviewerIncident" time="161.554" classname="com.pss.qms.IncidentManagementWithCustomerCftRACAPAInv.QAReviewerInc"/>
</testsuite> <!-- com.pss.qms.IncidentManagementWithCustomerCftRACAPAInv.QAReviewerInc -->
