<?xml version="1.0" encoding="UTF-8"?>
<!-- Generated by org.testng.reporters.JUnitReportReporter -->
<testsuite skipped="0" hostname="DESKTOP-2TQFBEG" name="com.pss.qms.InvestigationWithCFTCAPA.InvestigationRequestApproval" tests="1" failures="0" timestamp="2021-10-18T17:26:05 IST" time="40.097" errors="0">
  <testcase name="ApprovalInvestigationRequest" time="40.097" classname="com.pss.qms.InvestigationWithCFTCAPA.InvestigationRequestApproval"/>
</testsuite> <!-- com.pss.qms.InvestigationWithCFTCAPA.InvestigationRequestApproval -->
