<?xml version="1.0" encoding="UTF-8"?>
<!-- Generated by org.testng.reporters.JUnitReportReporter -->
<testsuite skipped="0" hostname="DESKTOP-SKPPPFG" name="com.pss.qms.AuditManagementExternalSchedule.ExternalPlanAuditManagement" tests="1" failures="0" timestamp="2021-08-26T15:29:53 IST" time="50.699" errors="0">
  <testcase name="toExternalPlanAuditManagement" time="50.699" classname="com.pss.qms.AuditManagementExternalSchedule.ExternalPlanAuditManagement"/>
</testsuite> <!-- com.pss.qms.AuditManagementExternalSchedule.ExternalPlanAuditManagement -->
