<?xml version="1.0" encoding="UTF-8"?>
<!-- Generated by org.testng.reporters.JUnitReportReporter -->
<testsuite skipped="0" hostname="PSS-LAP2" name="com.pss.qms.DeviationWithAiInvAndCAPARejection.PostApprovalActionsInitiateWithCAorPA" tests="1" failures="0" timestamp="2021-07-06T17:48:48 IST" time="108.031" errors="0">
  <testcase name="toPostApprovalActionsInitiateWithCAPA" time="108.031" classname="com.pss.qms.DeviationWithAiInvAndCAPARejection.PostApprovalActionsInitiateWithCAorPA"/>
</testsuite> <!-- com.pss.qms.DeviationWithAiInvAndCAPARejection.PostApprovalActionsInitiateWithCAorPA -->
