<?xml version="1.0" encoding="UTF-8"?>
<!-- Generated by org.testng.reporters.JUnitReportReporter -->
<testsuite skipped="0" hostname="DESKTOP-SKPPPFG" name="com.pss.qms.AuditManagementAdhocScheduleWithAIRejectionFlow.ActionItemApproveReject2" tests="1" failures="0" timestamp="2021-08-26T11:50:55 IST" time="53.477" errors="0">
  <testcase name="toActionItemApproveReject2" time="53.477" classname="com.pss.qms.AuditManagementAdhocScheduleWithAIRejectionFlow.ActionItemApproveReject2"/>
</testsuite> <!-- com.pss.qms.AuditManagementAdhocScheduleWithAIRejectionFlow.ActionItemApproveReject2 -->
