<?xml version="1.0" encoding="UTF-8"?>
<!-- Generated by org.testng.reporters.JUnitReportReporter -->
<testsuite skipped="0" hostname="DESKTOP-SKPPPFG" name="com.pss.qms.IncidentManagementWithCustomerCftRARejFlow.QAReviewNotifyCustomerInc" tests="2" failures="0" timestamp="2021-08-19T16:58:01 IST" time="104.012" errors="0">
  <testcase name="QAReviewerNotifyCustomer" time="51.295" classname="com.pss.qms.IncidentManagementWithCustomerCftRARejFlow.QAReviewNotifyCustomerInc"/>
  <testcase name="QAReviewerNotifyCustomer" time="52.717" classname="com.pss.qms.IncidentManagementWithCustomerCftRARejFlow.QAReviewNotifyCustomerInc"/>
</testsuite> <!-- com.pss.qms.IncidentManagementWithCustomerCftRARejFlow.QAReviewNotifyCustomerInc -->
