<?xml version="1.0" encoding="UTF-8"?>
<!-- Generated by org.testng.reporters.JUnitReportReporter -->
<testsuite skipped="0" hostname="DESKTOP-SKPPPFG" name="com.pss.qms.IncidentManagementWithCustomerCftRACAPAInvRejFlow.QAApproverInc" tests="1" failures="0" timestamp="2021-08-18T19:15:31 IST" time="56.200" errors="0">
  <testcase name="QAApproverIncident" time="56.200" classname="com.pss.qms.IncidentManagementWithCustomerCftRACAPAInvRejFlow.QAApproverInc"/>
</testsuite> <!-- com.pss.qms.IncidentManagementWithCustomerCftRACAPAInvRejFlow.QAApproverInc -->
