<?xml version="1.0" encoding="UTF-8"?>
<!-- Generated by org.testng.reporters.JUnitReportReporter -->
<testsuite skipped="0" hostname="DESKTOP-2TQFBEG" name="com.pss.qms.IncidentManagementWithCustomerCftRACAPAInvRejFlow.InvReReview" tests="2" failures="0" timestamp="2021-10-12T10:21:22 IST" time="145.508" errors="0">
  <testcase name="toInvReReview" time="69.912" classname="com.pss.qms.IncidentManagementWithCustomerCftRACAPAInvRejFlow.InvReReview"/>
  <testcase name="toInvReReview" time="75.596" classname="com.pss.qms.IncidentManagementWithCustomerCftRACAPAInvRejFlow.InvReReview"/>
</testsuite> <!-- com.pss.qms.IncidentManagementWithCustomerCftRACAPAInvRejFlow.InvReReview -->
