<?xml version="1.0" encoding="UTF-8"?>
<!-- Generated by org.testng.reporters.JUnitReportReporter -->
<testsuite skipped="0" hostname="DESKTOP-SKPPPFG" name="com.pss.qms.IncidentManagementWithCustomerCftRACAPA.CFTReviewerInc" tests="1" failures="0" timestamp="2021-08-20T09:51:56 IST" time="40.496" errors="0">
  <testcase name="CFTReviewerIncident" time="40.496" classname="com.pss.qms.IncidentManagementWithCustomerCftRACAPA.CFTReviewerInc"/>
</testsuite> <!-- com.pss.qms.IncidentManagementWithCustomerCftRACAPA.CFTReviewerInc -->
