<?xml version="1.0" encoding="UTF-8"?>
<!-- Generated by org.testng.reporters.JUnitReportReporter -->
<testsuite skipped="0" hostname="DESKTOP-2TQFBEG" name="com.pss.qms.InvestigationWithCFTCAPA.InvestigationRequest" tests="1" failures="0" timestamp="2021-10-18T17:26:05 IST" time="116.517" errors="0">
  <testcase name="RequestInvestigation" time="116.517" classname="com.pss.qms.InvestigationWithCFTCAPA.InvestigationRequest"/>
</testsuite> <!-- com.pss.qms.InvestigationWithCFTCAPA.InvestigationRequest -->
