<?xml version="1.0" encoding="UTF-8"?>
<!-- Generated by org.testng.reporters.JUnitReportReporter -->
<testsuite skipped="0" hostname="DESKTOP-2TQFBEG" name="com.pss.qms.AssignQMSRoles.MarketComplaintsSubCategoryRegistration" tests="1" failures="0" timestamp="2022-01-25T19:51:25 IST" time="51.956" errors="0">
  <testcase name="MarketComplaintsAssignRoleMethod" time="51.956" classname="com.pss.qms.AssignQMSRoles.MarketComplaintsSubCategoryRegistration"/>
</testsuite> <!-- com.pss.qms.AssignQMSRoles.MarketComplaintsSubCategoryRegistration -->
