<?xml version="1.0" encoding="UTF-8"?>
<!-- Generated by org.testng.reporters.JUnitReportReporter -->
<testsuite skipped="0" hostname="PSS-LAP2" name="com.pss.qms.DeviationWithAiInvAndCAPARejection.ReInitiateDeviation" tests="2" failures="0" timestamp="2021-07-06T16:58:37 IST" time="116.087" errors="0">
  <testcase name="toReInitiateDeviation" time="66.815" classname="com.pss.qms.DeviationWithAiInvAndCAPARejection.ReInitiateDeviation"/>
  <testcase name="toReInitiateDeviation" time="49.272" classname="com.pss.qms.DeviationWithAiInvAndCAPARejection.ReInitiateDeviation"/>
</testsuite> <!-- com.pss.qms.DeviationWithAiInvAndCAPARejection.ReInitiateDeviation -->
