<?xml version="1.0" encoding="UTF-8"?>
<!-- Generated by org.testng.reporters.JUnitReportReporter -->
<testsuite skipped="0" hostname="DESKTOP-SKPPPFG" name="com.pss.qms.AuditManagementExternalScheduleWithAIRejectionFlow.ExternalScheduleReject" tests="1" failures="0" timestamp="2021-08-26T19:10:21 IST" time="43.444" errors="0">
  <testcase name="ExternalSchdReject" time="43.444" classname="com.pss.qms.AuditManagementExternalScheduleWithAIRejectionFlow.ExternalScheduleReject"/>
</testsuite> <!-- com.pss.qms.AuditManagementExternalScheduleWithAIRejectionFlow.ExternalScheduleReject -->
