<?xml version="1.0" encoding="UTF-8"?>
<!-- Generated by org.testng.reporters.JUnitReportReporter -->
<testsuite skipped="0" hostname="DESKTOP-SKPPPFG" name="com.pss.qms.DeviationWithInvAndCAPARejection.QAReReviewAfterCFTReject" tests="1" failures="0" timestamp="2022-03-15T18:19:37 IST" time="97.356" errors="0">
  <testcase name="toQAReReviewAfterCFTReject" time="97.356" classname="com.pss.qms.DeviationWithInvAndCAPARejection.QAReReviewAfterCFTReject"/>
</testsuite> <!-- com.pss.qms.DeviationWithInvAndCAPARejection.QAReReviewAfterCFTReject -->
