<?xml version="1.0" encoding="UTF-8"?>
<!-- Generated by org.testng.reporters.JUnitReportReporter -->
<testsuite skipped="0" hostname="PSS-LAP2" name="com.pss.qms.admin.AdminUserCreation.MultiDepartmentCreationAndApproveTest" tests="3" failures="0" timestamp="2021-07-16T12:55:31 IST" time="150.144" errors="0">
  <testcase name="toMultiUserCreation" time="49.563" classname="com.pss.qms.admin.AdminUserCreation.MultiDepartmentCreationAndApproveTest"/>
  <testcase name="toMultiUserCreation" time="51.225" classname="com.pss.qms.admin.AdminUserCreation.MultiDepartmentCreationAndApproveTest"/>
  <testcase name="toMultiUserCreation" time="49.356" classname="com.pss.qms.admin.AdminUserCreation.MultiDepartmentCreationAndApproveTest"/>
</testsuite> <!-- com.pss.qms.admin.AdminUserCreation.MultiDepartmentCreationAndApproveTest -->
