<?xml version="1.0" encoding="UTF-8"?>
<!-- Generated by org.testng.reporters.JUnitReportReporter -->
<testsuite skipped="0" hostname="DESKTOP-SKPPPFG" name="com.pss.qms.AuditManagementExternalRejection.ExternalObsAndResponseApproveReject" tests="1" failures="0" timestamp="2021-08-26T17:47:23 IST" time="63.893" errors="0">
  <testcase name="toExternalObsAndResponseApproveReject" time="63.893" classname="com.pss.qms.AuditManagementExternalRejection.ExternalObsAndResponseApproveReject"/>
</testsuite> <!-- com.pss.qms.AuditManagementExternalRejection.ExternalObsAndResponseApproveReject -->
