<?xml version="1.0" encoding="UTF-8"?>
<!-- Generated by org.testng.reporters.JUnitReportReporter -->
<testsuite skipped="0" hostname="DESKTOP-2TQFBEG" name="com.pss.qms.MarketComplaintsModuleWithDynamicInvestigation.InvPerformMC" tests="1" failures="0" timestamp="2022-01-25T21:05:23 IST" time="165.724" errors="0">
  <testcase name="InvestigationPerformMC" time="165.724" classname="com.pss.qms.MarketComplaintsModuleWithDynamicInvestigation.InvPerformMC"/>
</testsuite> <!-- com.pss.qms.MarketComplaintsModuleWithDynamicInvestigation.InvPerformMC -->
