<?xml version="1.0" encoding="UTF-8"?>
<!-- Generated by org.testng.reporters.JUnitReportReporter -->
<testsuite skipped="0" hostname="DESKTOP-SKPPPFG" name="com.pss.qms.IncidentManagementWithCustomerCftRARejFlow.QAReReviewerAfterApproverRevertInc" tests="1" failures="0" timestamp="2021-08-19T17:23:26 IST" time="76.626" errors="0">
  <testcase name="QAReReviewer" time="76.626" classname="com.pss.qms.IncidentManagementWithCustomerCftRARejFlow.QAReReviewerAfterApproverRevertInc"/>
</testsuite> <!-- com.pss.qms.IncidentManagementWithCustomerCftRARejFlow.QAReReviewerAfterApproverRevertInc -->
