<?xml version="1.0" encoding="UTF-8"?>
<!-- Generated by org.testng.reporters.JUnitReportReporter -->
<testsuite skipped="0" hostname="DESKTOP-SKPPPFG" name="com.pss.qms.AuditManagementAdhocScheduleWithAIRejectionFlow.ActionItemApprove" tests="1" failures="0" timestamp="2021-08-26T11:50:55 IST" time="53.520" errors="0">
  <testcase name="toActionItemApprove" time="53.520" classname="com.pss.qms.AuditManagementAdhocScheduleWithAIRejectionFlow.ActionItemApprove"/>
</testsuite> <!-- com.pss.qms.AuditManagementAdhocScheduleWithAIRejectionFlow.ActionItemApprove -->
