<?xml version="1.0" encoding="UTF-8"?>
<!-- Generated by org.testng.reporters.JUnitReportReporter -->
<testsuite skipped="0" hostname="DESKTOP-SKPPPFG" name="com.pss.qms.AuditManagementAdhocScheduleWithAIRejectionFlow.AdhocSchedule" tests="1" failures="0" timestamp="2021-08-26T11:50:56 IST" time="79.835" errors="0">
  <testcase name="toAdhocSchedule" time="79.835" classname="com.pss.qms.AuditManagementAdhocScheduleWithAIRejectionFlow.AdhocSchedule"/>
</testsuite> <!-- com.pss.qms.AuditManagementAdhocScheduleWithAIRejectionFlow.AdhocSchedule -->
