<?xml version="1.0" encoding="UTF-8"?>
<!-- Generated by org.testng.reporters.JUnitReportReporter -->
<testsuite skipped="0" hostname="DESKTOP-SKPPPFG" name="com.pss.qms.AuditManagementExternalScheduleWithAIRejectionFlow.ActionItemApprove" tests="1" failures="0" timestamp="2021-08-26T19:30:35 IST" time="42.364" errors="0">
  <testcase name="toActionItemApprove" time="42.364" classname="com.pss.qms.AuditManagementExternalScheduleWithAIRejectionFlow.ActionItemApprove"/>
</testsuite> <!-- com.pss.qms.AuditManagementExternalScheduleWithAIRejectionFlow.ActionItemApprove -->
