<?xml version="1.0" encoding="UTF-8"?>
<!-- Generated by org.testng.reporters.JUnitReportReporter -->
<testsuite skipped="0" hostname="DESKTOP-2TQFBEG" name="com.pss.qms.InvestigationWithCFTCAPAReject.InvestigationPerformWithCFTCAPA" tests="1" failures="0" timestamp="2021-10-19T18:00:34 IST" time="135.944" errors="0">
  <testcase name="PerformInvestigation" time="135.944" classname="com.pss.qms.InvestigationWithCFTCAPAReject.InvestigationPerformWithCFTCAPA"/>
</testsuite> <!-- com.pss.qms.InvestigationWithCFTCAPAReject.InvestigationPerformWithCFTCAPA -->
