<?xml version="1.0" encoding="UTF-8"?>
<!-- Generated by org.testng.reporters.JUnitReportReporter -->
<testsuite skipped="0" hostname="PSS-LAP2" name="com.pss.qms.DeviationWithAiInvAndCAPARejection.ActionItemPerformAssignedByQMSCoordinator" tests="1" failures="0" timestamp="2021-07-06T17:48:48 IST" time="53.149" errors="0">
  <testcase name="toActionItemPerformAssignedByQMSCoordinator" time="53.149" classname="com.pss.qms.DeviationWithAiInvAndCAPARejection.ActionItemPerformAssignedByQMSCoordinator"/>
</testsuite> <!-- com.pss.qms.DeviationWithAiInvAndCAPARejection.ActionItemPerformAssignedByQMSCoordinator -->
