<?xml version="1.0" encoding="UTF-8"?>
<!-- Generated by org.testng.reporters.JUnitReportReporter -->
<testsuite skipped="0" hostname="DESKTOP-SKPPPFG" name="com.pss.qms.AuditManagementPlanSchdRejection.AuditeeResponseRejectedApprove" tests="2" failures="0" timestamp="2021-08-25T13:26:50 IST" time="98.527" errors="0">
  <testcase name="toAuditeeResponseRejectedApprove" time="49.444" classname="com.pss.qms.AuditManagementPlanSchdRejection.AuditeeResponseRejectedApprove"/>
  <testcase name="toAuditeeResponseRejectedApprove" time="49.083" classname="com.pss.qms.AuditManagementPlanSchdRejection.AuditeeResponseRejectedApprove"/>
</testsuite> <!-- com.pss.qms.AuditManagementPlanSchdRejection.AuditeeResponseRejectedApprove -->
