<?xml version="1.0" encoding="UTF-8"?>
<!-- Generated by org.testng.reporters.JUnitReportReporter -->
<testsuite skipped="0" hostname="DESKTOP-2TQFBEG" name="com.pss.qms.RiskAssessmentRejection.ActionItemPerformRejected" tests="1" failures="0" timestamp="2022-01-22T21:23:54 IST" time="31.921" errors="0">
  <testcase name="ActionItemPerformRA" time="31.921" classname="com.pss.qms.RiskAssessmentRejection.ActionItemPerformRejected"/>
</testsuite> <!-- com.pss.qms.RiskAssessmentRejection.ActionItemPerformRejected -->
