<?xml version="1.0" encoding="UTF-8"?>
<!-- Generated by org.testng.reporters.JUnitReportReporter -->
<testsuite skipped="0" hostname="PSS-LAP2" name="com.pss.qms.DeviationWithAiInvAndCAPA.DeviationInitiation" tests="1" failures="0" timestamp="2021-07-06T11:39:43 IST" time="135.453" errors="0">
  <testcase name="toDeviationInitiation" time="135.453" classname="com.pss.qms.DeviationWithAiInvAndCAPA.DeviationInitiation"/>
</testsuite> <!-- com.pss.qms.DeviationWithAiInvAndCAPA.DeviationInitiation -->
