<?xml version="1.0" encoding="UTF-8"?>
<!-- Generated by org.testng.reporters.JUnitReportReporter -->
<testsuite skipped="0" hostname="DESKTOP-SKPPPFG" name="com.pss.qms.PropertiesFileUpdate.UpdateURLinPropertiesFile" tests="1" failures="0" timestamp="2022-03-21T12:14:51 IST" time="0.235" errors="0">
  <testcase name="main" time="0.235" classname="com.pss.qms.PropertiesFileUpdate.UpdateURLinPropertiesFile"/>
</testsuite> <!-- com.pss.qms.PropertiesFileUpdate.UpdateURLinPropertiesFile -->
