<?xml version="1.0" encoding="UTF-8"?>
<!-- Generated by org.testng.reporters.JUnitReportReporter -->
<testsuite skipped="0" hostname="DESKTOP-2TQFBEG" name="com.pss.qms.IncidentManagementWithCustomerCftRACAPAInvRejFlow.QAReApproveInc" tests="1" failures="0" timestamp="2021-10-12T10:21:22 IST" time="55.718" errors="0">
  <testcase name="QAReApproverIncident" time="55.718" classname="com.pss.qms.IncidentManagementWithCustomerCftRACAPAInvRejFlow.QAReApproveInc"/>
</testsuite> <!-- com.pss.qms.IncidentManagementWithCustomerCftRACAPAInvRejFlow.QAReApproveInc -->
