<?xml version="1.0" encoding="UTF-8"?>
<!-- Generated by org.testng.reporters.JUnitReportReporter -->
<testsuite skipped="0" hostname="DESKTOP-2TQFBEG" name="com.pss.qms.InvestigationReject.InvestigationReview" tests="1" failures="0" timestamp="2021-10-19T17:09:42 IST" time="44.800" errors="0">
  <testcase name="ReviewInvestigation" time="44.800" classname="com.pss.qms.InvestigationReject.InvestigationReview"/>
</testsuite> <!-- com.pss.qms.InvestigationReject.InvestigationReview -->
