<?xml version="1.0" encoding="UTF-8"?>
<!-- Generated by org.testng.reporters.JUnitReportReporter -->
<testsuite skipped="0" hostname="DESKTOP-SKPPPFG" name="com.pss.qms.AuditManagementAdhocRejection.AuditObservationsReview" tests="1" failures="0" timestamp="2021-08-25T19:26:35 IST" time="53.366" errors="0">
  <testcase name="toAuditObservationsReview" time="53.366" classname="com.pss.qms.AuditManagementAdhocRejection.AuditObservationsReview"/>
</testsuite> <!-- com.pss.qms.AuditManagementAdhocRejection.AuditObservationsReview -->
