<?xml version="1.0" encoding="UTF-8"?>
<!-- Generated by org.testng.reporters.JUnitReportReporter -->
<testsuite skipped="0" hostname="DESKTOP-SKPPPFG" name="com.pss.qms.AuditManagementExternalScheduleWithAIForwardFlow.ExternalScheduleAuditApprove" tests="1" failures="0" timestamp="2021-08-26T18:43:37 IST" time="44.438" errors="0">
  <testcase name="toExternalScheduleAuditApprove" time="44.438" classname="com.pss.qms.AuditManagementExternalScheduleWithAIForwardFlow.ExternalScheduleAuditApprove"/>
</testsuite> <!-- com.pss.qms.AuditManagementExternalScheduleWithAIForwardFlow.ExternalScheduleAuditApprove -->
