<?xml version="1.0" encoding="UTF-8"?>
<!-- Generated by org.testng.reporters.JUnitReportReporter -->
<testsuite skipped="0" hostname="DESKTOP-SKPPPFG" name="com.pss.qms.AuditManagementExternalScheduleWithAIRejectionFlow.ExternalObservationandResponse" tests="1" failures="0" timestamp="2021-08-26T19:10:21 IST" time="178.036" errors="0">
  <testcase name="toExternalObservationandResponse" time="178.036" classname="com.pss.qms.AuditManagementExternalScheduleWithAIRejectionFlow.ExternalObservationandResponse"/>
</testsuite> <!-- com.pss.qms.AuditManagementExternalScheduleWithAIRejectionFlow.ExternalObservationandResponse -->
