<?xml version="1.0" encoding="UTF-8"?>
<!-- Generated by org.testng.reporters.JUnitReportReporter -->
<testsuite skipped="0" hostname="PSS-LAP2" name="com.pss.qms.DeviationWithAiInvAndCAPARejection.DeptReviewerApprove" tests="2" failures="0" timestamp="2021-07-06T16:58:37 IST" time="115.590" errors="0">
  <testcase name="toDeptReviewerApprove" time="54.241" classname="com.pss.qms.DeviationWithAiInvAndCAPARejection.DeptReviewerApprove"/>
  <testcase name="toDeptReviewerApprove" time="61.349" classname="com.pss.qms.DeviationWithAiInvAndCAPARejection.DeptReviewerApprove"/>
</testsuite> <!-- com.pss.qms.DeviationWithAiInvAndCAPARejection.DeptReviewerApprove -->
