<?xml version="1.0" encoding="UTF-8"?>
<!-- Generated by org.testng.reporters.JUnitReportReporter -->
<testsuite skipped="0" hostname="PSS-LAP2" name="com.pss.qms.DeviationWithAiInvAndCAPARejection.RegReviewerApprove" tests="1" failures="0" timestamp="2021-07-06T16:58:37 IST" time="67.679" errors="0">
  <testcase name="toRegReviewerApprove" time="67.679" classname="com.pss.qms.DeviationWithAiInvAndCAPARejection.RegReviewerApprove"/>
</testsuite> <!-- com.pss.qms.DeviationWithAiInvAndCAPARejection.RegReviewerApprove -->
