<?xml version="1.0" encoding="UTF-8"?>
<!-- Generated by org.testng.reporters.JUnitReportReporter -->
<testsuite skipped="0" hostname="PSS-LAP2" name="com.pss.qms.DeviationWithInvAndCAPARejection.PostApprovalActionReview" tests="1" failures="0" timestamp="2021-07-07T14:58:05 IST" time="32.553" errors="0">
  <testcase name="toPostApprovalActionReview" time="32.553" classname="com.pss.qms.DeviationWithInvAndCAPARejection.PostApprovalActionReview"/>
</testsuite> <!-- com.pss.qms.DeviationWithInvAndCAPARejection.PostApprovalActionReview -->
