<?xml version="1.0" encoding="UTF-8"?>
<!-- Generated by org.testng.reporters.JUnitReportReporter -->
<testsuite skipped="0" hostname="DESKTOP-SKPPPFG" name="com.pss.qms.AuditManagementAdhocScheduleWithAIFwdFlow.ActionItemPerform2" tests="1" failures="0" timestamp="2021-08-25T20:24:11 IST" time="63.861" errors="0">
  <testcase name="toActionItemPerform2" time="63.861" classname="com.pss.qms.AuditManagementAdhocScheduleWithAIFwdFlow.ActionItemPerform2"/>
</testsuite> <!-- com.pss.qms.AuditManagementAdhocScheduleWithAIFwdFlow.ActionItemPerform2 -->
