<?xml version="1.0" encoding="UTF-8"?>
<!-- Generated by org.testng.reporters.JUnitReportReporter -->
<testsuite skipped="0" hostname="DESKTOP-SKPPPFG" name="com.pss.qms.IncidentManagementWithCustomerCftRACAPARejFlow.IncidentInitiationRevert" tests="2" failures="0" timestamp="2021-08-20T10:45:15 IST" time="68.354" errors="0">
  <testcase name="ReInitiateDeviation" time="32.953" classname="com.pss.qms.IncidentManagementWithCustomerCftRACAPARejFlow.IncidentInitiationRevert"/>
  <testcase name="ReInitiateDeviation" time="35.401" classname="com.pss.qms.IncidentManagementWithCustomerCftRACAPARejFlow.IncidentInitiationRevert"/>
</testsuite> <!-- com.pss.qms.IncidentManagementWithCustomerCftRACAPARejFlow.IncidentInitiationRevert -->
