<?xml version="1.0" encoding="UTF-8"?>
<!-- Generated by org.testng.reporters.JUnitReportReporter -->
<testsuite skipped="0" hostname="PSS-LAP2" name="com.pss.qms.IncidentManagementWithCustomerCftRARejFlow.QAApproverIncWithAI" tests="1" failures="0" timestamp="2021-07-12T17:38:42 IST" time="99.710" errors="0">
  <testcase name="QAApproverIncident" time="99.710" classname="com.pss.qms.IncidentManagementWithCustomerCftRARejFlow.QAApproverIncWithAI"/>
</testsuite> <!-- com.pss.qms.IncidentManagementWithCustomerCftRARejFlow.QAApproverIncWithAI -->
