<?xml version="1.0" encoding="UTF-8"?>
<!-- Generated by org.testng.reporters.JUnitReportReporter -->
<testsuite skipped="0" hostname="DESKTOP-2TQFBEG" name="com.pss.qms.IncidentManagementWithCustomerCftRACAPAInvRejFlow.QAApproverRevertInc" tests="1" failures="0" timestamp="2021-10-12T10:21:22 IST" time="52.470" errors="0">
  <testcase name="QAApproverIncident" time="52.470" classname="com.pss.qms.IncidentManagementWithCustomerCftRACAPAInvRejFlow.QAApproverRevertInc"/>
</testsuite> <!-- com.pss.qms.IncidentManagementWithCustomerCftRACAPAInvRejFlow.QAApproverRevertInc -->
