<?xml version="1.0" encoding="UTF-8"?>
<!-- Generated by org.testng.reporters.JUnitReportReporter -->
<testsuite skipped="0" hostname="DESKTOP-SKPPPFG" name="com.pss.qms.AuditManagementAdhocScheduleWithAIRejectionFlow.InternalAuditObservations" tests="1" failures="0" timestamp="2021-08-26T11:50:55 IST" time="269.685" errors="0">
  <testcase name="toInternalAuditObservations" time="269.685" classname="com.pss.qms.AuditManagementAdhocScheduleWithAIRejectionFlow.InternalAuditObservations"/>
</testsuite> <!-- com.pss.qms.AuditManagementAdhocScheduleWithAIRejectionFlow.InternalAuditObservations -->
