<?xml version="1.0" encoding="UTF-8"?>
<!-- Generated by org.testng.reporters.JUnitReportReporter -->
<testsuite skipped="0" hostname="DESKTOP-SKPPPFG" name="com.pss.qms.AuditManagementPlanSchWithAIForwardFlow.ApproveAuditObservations" tests="1" failures="0" timestamp="2021-08-25T14:27:45 IST" time="51.223" errors="0">
  <testcase name="toApproveAuditObservations" time="51.223" classname="com.pss.qms.AuditManagementPlanSchWithAIForwardFlow.ApproveAuditObservations"/>
</testsuite> <!-- com.pss.qms.AuditManagementPlanSchWithAIForwardFlow.ApproveAuditObservations -->
