<?xml version="1.0" encoding="UTF-8"?>
<!-- Generated by org.testng.reporters.JUnitReportReporter -->
<testsuite skipped="0" hostname="DESKTOP-SKPPPFG" name="com.pss.qms.AuditManagementExternalSchedule.ExternalObservationsAndResponseApproval" tests="1" failures="0" timestamp="2021-08-26T15:54:45 IST" time="68.760" errors="0">
  <testcase name="toExternalObservationsAndResponseApproval" time="68.760" classname="com.pss.qms.AuditManagementExternalSchedule.ExternalObservationsAndResponseApproval"/>
</testsuite> <!-- com.pss.qms.AuditManagementExternalSchedule.ExternalObservationsAndResponseApproval -->
