<?xml version="1.0" encoding="UTF-8"?>
<!-- Generated by org.testng.reporters.JUnitReportReporter -->
<testsuite skipped="0" hostname="DESKTOP-SKPPPFG" name="com.pss.qms.AuditManagementExternalRejection.ExternalPlanAuditManagement" tests="1" failures="0" timestamp="2021-08-26T17:33:18 IST" time="46.497" errors="0">
  <testcase name="toExternalPlanAuditManagement" time="46.497" classname="com.pss.qms.AuditManagementExternalRejection.ExternalPlanAuditManagement"/>
</testsuite> <!-- com.pss.qms.AuditManagementExternalRejection.ExternalPlanAuditManagement -->
