<?xml version="1.0" encoding="UTF-8"?>
<!-- Generated by org.testng.reporters.JUnitReportReporter -->
<testsuite skipped="0" hostname="PSS-LAP2" name="com.pss.qms.DeviationWithAiInvAndCAPARejection.QAApproverDevWithAI" tests="1" failures="0" timestamp="2021-07-06T17:48:48 IST" time="105.996" errors="0">
  <testcase name="toQAApproverDevWithAI" time="105.996" classname="com.pss.qms.DeviationWithAiInvAndCAPARejection.QAApproverDevWithAI"/>
</testsuite> <!-- com.pss.qms.DeviationWithAiInvAndCAPARejection.QAApproverDevWithAI -->
