<?xml version="1.0" encoding="UTF-8"?>
<!-- Generated by org.testng.reporters.JUnitReportReporter -->
<testsuite skipped="0" hostname="DESKTOP-SKPPPFG" name="com.pss.qms.AuditManagementAdhocRejection.AuditeeResponseApproval" tests="1" failures="0" timestamp="2021-08-25T19:37:36 IST" time="60.092" errors="0">
  <testcase name="AuditeeResponseApprove" time="60.092" classname="com.pss.qms.AuditManagementAdhocRejection.AuditeeResponseApproval"/>
</testsuite> <!-- com.pss.qms.AuditManagementAdhocRejection.AuditeeResponseApproval -->
