<?xml version="1.0" encoding="UTF-8"?>
<!-- Generated by org.testng.reporters.JUnitReportReporter -->
<testsuite skipped="0" hostname="DESKTOP-SKPPPFG" name="com.pss.qms.AuditManagementExternalScheduleWithAIRejectionFlow.ExternalObservationAndResponseApproval" tests="1" failures="0" timestamp="2021-08-26T19:30:35 IST" time="64.579" errors="0">
  <testcase name="toExternalObservationAndResponseApproval" time="64.579" classname="com.pss.qms.AuditManagementExternalScheduleWithAIRejectionFlow.ExternalObservationAndResponseApproval"/>
</testsuite> <!-- com.pss.qms.AuditManagementExternalScheduleWithAIRejectionFlow.ExternalObservationAndResponseApproval -->
