<?xml version="1.0" encoding="UTF-8"?>
<!-- Generated by org.testng.reporters.JUnitReportReporter -->
<testsuite skipped="0" hostname="DESKTOP-2TQFBEG" name="com.pss.qms.InvestigationWithCFTCAPA.InvestigationCFTReview" tests="1" failures="0" timestamp="2021-10-19T16:20:08 IST" time="34.633" errors="0">
  <testcase name="ReviewInvestigation" time="34.633" classname="com.pss.qms.InvestigationWithCFTCAPA.InvestigationCFTReview"/>
</testsuite> <!-- com.pss.qms.InvestigationWithCFTCAPA.InvestigationCFTReview -->
