<?xml version="1.0" encoding="UTF-8"?>
<!-- Generated by org.testng.reporters.JUnitReportReporter -->
<testsuite skipped="0" hostname="DESKTOP-SKPPPFG" name="com.pss.qms.DeviationWithInvAndCAPARejection.CustomerNotification" tests="2" failures="0" timestamp="2022-03-15T18:19:37 IST" time="42.284" errors="0">
  <testcase name="toCustomerNotification" time="21.254" classname="com.pss.qms.DeviationWithInvAndCAPARejection.CustomerNotification"/>
  <testcase name="toCustomerNotification" time="21.030" classname="com.pss.qms.DeviationWithInvAndCAPARejection.CustomerNotification"/>
</testsuite> <!-- com.pss.qms.DeviationWithInvAndCAPARejection.CustomerNotification -->
