<?xml version="1.0" encoding="UTF-8"?>
<!-- Generated by org.testng.reporters.JUnitReportReporter -->
<testsuite skipped="0" hostname="DESKTOP-SKPPPFG" name="com.pss.qms.IncidentManagementWithCustomerCftRACAPAInvRejFlow.IncidentInitiationRevert" tests="2" failures="0" timestamp="2021-08-19T14:53:31 IST" time="130.885" errors="0">
  <testcase name="ReInitiateIncident" time="72.065" classname="com.pss.qms.IncidentManagementWithCustomerCftRACAPAInvRejFlow.IncidentInitiationRevert"/>
  <testcase name="ReInitiateIncident" time="58.820" classname="com.pss.qms.IncidentManagementWithCustomerCftRACAPAInvRejFlow.IncidentInitiationRevert"/>
</testsuite> <!-- com.pss.qms.IncidentManagementWithCustomerCftRACAPAInvRejFlow.IncidentInitiationRevert -->
