<?xml version="1.0" encoding="UTF-8"?>
<!-- Generated by org.testng.reporters.JUnitReportReporter -->
<testsuite skipped="0" hostname="DESKTOP-SKPPPFG" name="com.pss.qms.IncidentManagementWithCustomerCftRACAPARejFlow.QAReviewNotifyCustomerInc" tests="2" failures="0" timestamp="2021-08-20T10:45:15 IST" time="102.193" errors="0">
  <testcase name="QAReviewerNotifyCustomer" time="51.000" classname="com.pss.qms.IncidentManagementWithCustomerCftRACAPARejFlow.QAReviewNotifyCustomerInc"/>
  <testcase name="QAReviewerNotifyCustomer" time="51.193" classname="com.pss.qms.IncidentManagementWithCustomerCftRACAPARejFlow.QAReviewNotifyCustomerInc"/>
</testsuite> <!-- com.pss.qms.IncidentManagementWithCustomerCftRACAPARejFlow.QAReviewNotifyCustomerInc -->
