<?xml version="1.0" encoding="UTF-8"?>
<!-- Generated by org.testng.reporters.JUnitReportReporter -->
<testsuite skipped="0" hostname="DESKTOP-SKPPPFG" name="com.pss.qms.AuditManagementPlanSchWithAIForwardFlow.ActionItemPerform2" tests="1" failures="0" timestamp="2021-08-25T15:04:54 IST" time="59.718" errors="0">
  <testcase name="toActionItemPerform2" time="59.718" classname="com.pss.qms.AuditManagementPlanSchWithAIForwardFlow.ActionItemPerform2"/>
</testsuite> <!-- com.pss.qms.AuditManagementPlanSchWithAIForwardFlow.ActionItemPerform2 -->
