<?xml version="1.0" encoding="UTF-8"?>
<!-- Generated by org.testng.reporters.JUnitReportReporter -->
<testsuite skipped="0" hostname="DESKTOP-2TQFBEG" name="com.pss.qms.MarketComplaintsModuleWithDynamicInvestigation.QAReviewRejectMC" tests="1" failures="0" timestamp="2021-10-18T16:37:38 IST" time="73.108" errors="0">
  <testcase name="QAReviewRejectMC" time="73.108" classname="com.pss.qms.MarketComplaintsModuleWithDynamicInvestigation.QAReviewRejectMC"/>
</testsuite> <!-- com.pss.qms.MarketComplaintsModuleWithDynamicInvestigation.QAReviewRejectMC -->
