<?xml version="1.0" encoding="UTF-8"?>
<!-- Generated by org.testng.reporters.JUnitReportReporter -->
<testsuite skipped="0" hostname="DESKTOP-2TQFBEG" name="com.pss.qms.RiskAssessmentModule.RAApproval" tests="1" failures="0" timestamp="2022-01-22T21:32:43 IST" time="57.607" errors="0">
  <testcase name="RAApproval" time="57.607" classname="com.pss.qms.RiskAssessmentModule.RAApproval"/>
</testsuite> <!-- com.pss.qms.RiskAssessmentModule.RAApproval -->
