<?xml version="1.0" encoding="UTF-8"?>
<!-- Generated by org.testng.reporters.JUnitReportReporter -->
<testsuite skipped="0" hostname="DESKTOP-2TQFBEG" name="com.pss.qms.InvestigationWithCFTCAPA.InvestigationPlan" tests="1" failures="0" timestamp="2021-10-18T17:34:30 IST" time="83.636" errors="0">
  <testcase name="PlanInvestigation" time="83.636" classname="com.pss.qms.InvestigationWithCFTCAPA.InvestigationPlan"/>
</testsuite> <!-- com.pss.qms.InvestigationWithCFTCAPA.InvestigationPlan -->
