<?xml version="1.0" encoding="UTF-8"?>
<!-- Generated by org.testng.reporters.JUnitReportReporter -->
<testsuite skipped="0" hostname="PSS-LAP2" name="com.pss.qms.DeviationWithAiInvAndCAPA.RegReviewDev" tests="1" failures="0" timestamp="2021-07-06T11:39:43 IST" time="69.773" errors="0">
  <testcase name="toRegReviewDev" time="69.773" classname="com.pss.qms.DeviationWithAiInvAndCAPA.RegReviewDev"/>
</testsuite> <!-- com.pss.qms.DeviationWithAiInvAndCAPA.RegReviewDev -->
