<?xml version="1.0" encoding="UTF-8"?>
<!-- Generated by org.testng.reporters.JUnitReportReporter -->
<testsuite skipped="0" hostname="DESKTOP-SKPPPFG" name="com.pss.qms.AuditManagementAdhocRejection.AuditeeResponseApproveReject" tests="1" failures="0" timestamp="2021-08-25T19:26:35 IST" time="63.256" errors="0">
  <testcase name="toAuditeeResponseApproveReject" time="63.256" classname="com.pss.qms.AuditManagementAdhocRejection.AuditeeResponseApproveReject"/>
</testsuite> <!-- com.pss.qms.AuditManagementAdhocRejection.AuditeeResponseApproveReject -->
