<?xml version="1.0" encoding="UTF-8"?>
<!-- Generated by org.testng.reporters.JUnitReportReporter -->
<testsuite skipped="0" hostname="PSS-LAP2" name="com.pss.qms.IncidentManagementWithCustomerCftRARejFlow.ActionItemRePerformAssignedByQMSCoordinator" tests="1" failures="0" timestamp="2021-07-13T10:26:51 IST" time="107.601" errors="0">
  <testcase name="toActionItemRePerformAssignedByQMSCoordinator" time="107.601" classname="com.pss.qms.IncidentManagementWithCustomerCftRARejFlow.ActionItemRePerformAssignedByQMSCoordinator"/>
</testsuite> <!-- com.pss.qms.IncidentManagementWithCustomerCftRARejFlow.ActionItemRePerformAssignedByQMSCoordinator -->
