<?xml version="1.0" encoding="UTF-8"?>
<!-- Generated by org.testng.reporters.JUnitReportReporter -->
<testsuite skipped="0" hostname="PSS-LAP2" name="com.pss.qms.IncidentManagementWithCustomerCftRARejFlow.ActionItemPerformAssignedByQMSCoordinator" tests="1" failures="0" timestamp="2021-07-12T17:49:45 IST" time="101.151" errors="0">
  <testcase name="toActionItemPerformAssignedByQMSCoordinator" time="101.151" classname="com.pss.qms.IncidentManagementWithCustomerCftRARejFlow.ActionItemPerformAssignedByQMSCoordinator"/>
</testsuite> <!-- com.pss.qms.IncidentManagementWithCustomerCftRARejFlow.ActionItemPerformAssignedByQMSCoordinator -->
