<?xml version="1.0" encoding="UTF-8"?>
<!-- Generated by org.testng.reporters.JUnitReportReporter -->
<testsuite skipped="0" hostname="DESKTOP-SKPPPFG" name="com.pss.qms.AuditManagementPlanSchdRejection.PlanSchedule" tests="1" failures="0" timestamp="2021-08-25T13:26:50 IST" time="70.891" errors="0">
  <testcase name="toPlanSchedule" time="70.891" classname="com.pss.qms.AuditManagementPlanSchdRejection.PlanSchedule"/>
</testsuite> <!-- com.pss.qms.AuditManagementPlanSchdRejection.PlanSchedule -->
