<?xml version="1.0" encoding="UTF-8"?>
<!-- Generated by org.testng.reporters.JUnitReportReporter -->
<testsuite skipped="0" hostname="DESKTOP-2TQFBEG" name="com.pss.qms.RiskAssessmentRejection.ReEvaluationInitiation" tests="1" failures="0" timestamp="2022-01-22T21:23:54 IST" time="62.765" errors="0">
  <testcase name="ReEvaluationInitiationoveRA" time="62.765" classname="com.pss.qms.RiskAssessmentRejection.ReEvaluationInitiation"/>
</testsuite> <!-- com.pss.qms.RiskAssessmentRejection.ReEvaluationInitiation -->
