<?xml version="1.0" encoding="UTF-8"?>
<!-- Generated by org.testng.reporters.JUnitReportReporter -->
<testsuite skipped="0" hostname="DESKTOP-SKPPPFG" name="com.pss.qms.IncidentManagementWithCustomerCftRARejFlow.IncidentInitiationRevert" tests="2" failures="0" timestamp="2021-08-19T16:58:00 IST" time="70.110" errors="0">
  <testcase name="ReInitiateDeviation" time="33.865" classname="com.pss.qms.IncidentManagementWithCustomerCftRARejFlow.IncidentInitiationRevert"/>
  <testcase name="ReInitiateDeviation" time="36.245" classname="com.pss.qms.IncidentManagementWithCustomerCftRARejFlow.IncidentInitiationRevert"/>
</testsuite> <!-- com.pss.qms.IncidentManagementWithCustomerCftRARejFlow.IncidentInitiationRevert -->
