<?xml version="1.0" encoding="UTF-8"?>
<!-- Generated by org.testng.reporters.JUnitReportReporter -->
<testsuite skipped="0" hostname="DESKTOP-SKPPPFG" name="com.pss.qms.AuditManagementPlanSchdRejection.InternalAuditObservationsRejectedApprove" tests="2" failures="0" timestamp="2021-08-25T13:26:50 IST" time="99.545" errors="0">
  <testcase name="toInternalAuditObservationsRejectedApprove" time="49.436" classname="com.pss.qms.AuditManagementPlanSchdRejection.InternalAuditObservationsRejectedApprove"/>
  <testcase name="toInternalAuditObservationsRejectedApprove" time="50.109" classname="com.pss.qms.AuditManagementPlanSchdRejection.InternalAuditObservationsRejectedApprove"/>
</testsuite> <!-- com.pss.qms.AuditManagementPlanSchdRejection.InternalAuditObservationsRejectedApprove -->
