<?xml version="1.0" encoding="UTF-8"?>
<!-- Generated by org.testng.reporters.JUnitReportReporter -->
<testsuite skipped="0" hostname="DESKTOP-SKPPPFG" name="com.pss.qms.AuditManagementPlanSchWithAIForwardFlow.ActionItemApprove" tests="1" failures="0" timestamp="2021-08-25T15:04:54 IST" time="44.518" errors="0">
  <testcase name="toActionItemApprove" time="44.518" classname="com.pss.qms.AuditManagementPlanSchWithAIForwardFlow.ActionItemApprove"/>
</testsuite> <!-- com.pss.qms.AuditManagementPlanSchWithAIForwardFlow.ActionItemApprove -->
