<?xml version="1.0" encoding="UTF-8"?>
<!-- Generated by org.testng.reporters.JUnitReportReporter -->
<testsuite skipped="0" hostname="DESKTOP-2TQFBEG" name="com.pss.qms.RiskAssessmentRejection.CQAApproverRAModule" tests="2" failures="0" timestamp="2022-01-22T20:21:20 IST" time="100.078" errors="0">
  <testcase name="CQAApproverRA" time="53.877" classname="com.pss.qms.RiskAssessmentRejection.CQAApproverRAModule"/>
  <testcase name="CQAApproverRA" time="46.201" classname="com.pss.qms.RiskAssessmentRejection.CQAApproverRAModule"/>
</testsuite> <!-- com.pss.qms.RiskAssessmentRejection.CQAApproverRAModule -->
