<?xml version="1.0" encoding="UTF-8"?>
<!-- Generated by org.testng.reporters.JUnitReportReporter -->
<testsuite skipped="0" hostname="DESKTOP-SKPPPFG" name="com.pss.qms.DeviationWithInvAndCAPARejection.QAReReviewerDev" tests="2" failures="0" timestamp="2022-03-15T18:19:37 IST" time="128.799" errors="0">
  <testcase name="toQAReReviewerDev" time="63.672" classname="com.pss.qms.DeviationWithInvAndCAPARejection.QAReReviewerDev"/>
  <testcase name="toQAReReviewerDev" time="65.127" classname="com.pss.qms.DeviationWithInvAndCAPARejection.QAReReviewerDev"/>
</testsuite> <!-- com.pss.qms.DeviationWithInvAndCAPARejection.QAReReviewerDev -->
