<?xml version="1.0" encoding="UTF-8"?>
<!-- Generated by org.testng.reporters.JUnitReportReporter -->
<testsuite skipped="0" hostname="DESKTOP-2TQFBEG" name="com.pss.qms.RiskAssessmentRejection.ActionItemReject" tests="1" failures="0" timestamp="2022-01-22T21:16:23 IST" time="54.471" errors="0">
  <testcase name="ActionItemRejectRA" time="54.471" classname="com.pss.qms.RiskAssessmentRejection.ActionItemReject"/>
</testsuite> <!-- com.pss.qms.RiskAssessmentRejection.ActionItemReject -->
