<?xml version="1.0" encoding="UTF-8"?>
<!-- Generated by org.testng.reporters.JUnitReportReporter -->
<testsuite skipped="0" hostname="DESKTOP-SKPPPFG" name="com.pss.qms.AuditManagementExternalScheduleWithAIForwardFlow.ExternalScheduleAuditPlan" tests="1" failures="0" timestamp="2021-08-26T18:43:37 IST" time="57.570" errors="0">
  <testcase name="toExternalScheduleAuditPlan" time="57.570" classname="com.pss.qms.AuditManagementExternalScheduleWithAIForwardFlow.ExternalScheduleAuditPlan"/>
</testsuite> <!-- com.pss.qms.AuditManagementExternalScheduleWithAIForwardFlow.ExternalScheduleAuditPlan -->
