<?xml version="1.0" encoding="UTF-8"?>
<!-- Generated by org.testng.reporters.JUnitReportReporter -->
<testsuite skipped="0" hostname="DESKTOP-SKPPPFG" name="com.pss.qms.AuditManagementExternalScheduleWithAIRejectionFlow.CloseAudit" tests="1" failures="0" timestamp="2021-08-26T19:35:00 IST" time="51.344" errors="0">
  <testcase name="toCloseAudit" time="51.344" classname="com.pss.qms.AuditManagementExternalScheduleWithAIRejectionFlow.CloseAudit"/>
</testsuite> <!-- com.pss.qms.AuditManagementExternalScheduleWithAIRejectionFlow.CloseAudit -->
