<?xml version="1.0" encoding="UTF-8"?>
<!-- Generated by org.testng.reporters.JUnitReportReporter -->
<testsuite skipped="0" hostname="DESKTOP-2TQFBEG" name="com.pss.qms.InvestigationReject.InvestigationApprovalReject" tests="1" failures="0" timestamp="2021-10-19T16:26:09 IST" time="46.158" errors="0">
  <testcase name="RejectInvestigationRequestApproval" time="46.158" classname="com.pss.qms.InvestigationReject.InvestigationApprovalReject"/>
</testsuite> <!-- com.pss.qms.InvestigationReject.InvestigationApprovalReject -->
