<?xml version="1.0" encoding="UTF-8"?>
<!-- Generated by org.testng.reporters.JUnitReportReporter -->
<testsuite skipped="0" hostname="DESKTOP-SKPPPFG" name="com.pss.qms.AuditManagementAdhocScheduleWithAIRejectionFlow.ActionItemRePerform2" tests="1" failures="0" timestamp="2021-08-26T11:50:56 IST" time="46.429" errors="0">
  <testcase name="toActionItemRePerform2" time="46.429" classname="com.pss.qms.AuditManagementAdhocScheduleWithAIRejectionFlow.ActionItemRePerform2"/>
</testsuite> <!-- com.pss.qms.AuditManagementAdhocScheduleWithAIRejectionFlow.ActionItemRePerform2 -->
