<?xml version="1.0" encoding="UTF-8"?>
<!-- Generated by org.testng.reporters.JUnitReportReporter -->
<testsuite skipped="0" hostname="PSS-LAP2" name="com.pss.qms.DeviationWithAiInvAndCAPA.QAApproverDevWithAI" tests="1" failures="0" timestamp="2021-07-06T11:43:10 IST" time="84.262" errors="0">
  <testcase name="toQAApproverDevWithAI" time="84.262" classname="com.pss.qms.DeviationWithAiInvAndCAPA.QAApproverDevWithAI"/>
</testsuite> <!-- com.pss.qms.DeviationWithAiInvAndCAPA.QAApproverDevWithAI -->
