<?xml version="1.0" encoding="UTF-8"?>
<!-- Generated by org.testng.reporters.JUnitReportReporter -->
<testsuite skipped="0" hostname="DESKTOP-2TQFBEG" name="com.pss.qms.ChangeControlRejection.QAReviewReject" tests="1" failures="0" timestamp="2022-01-26T19:01:08 IST" time="65.154" errors="0">
  <testcase name="toQAReviewReject" time="65.154" classname="com.pss.qms.ChangeControlRejection.QAReviewReject"/>
</testsuite> <!-- com.pss.qms.ChangeControlRejection.QAReviewReject -->
