<?xml version="1.0" encoding="UTF-8"?>
<!-- Generated by org.testng.reporters.JUnitReportReporter -->
<testsuite skipped="0" hostname="DESKTOP-2TQFBEG" name="com.pss.qms.InvestigationWithCFTCAPAReject.InvestigationApprovalReject" tests="1" failures="0" timestamp="2021-10-19T17:28:26 IST" time="44.213" errors="0">
  <testcase name="RejectInvestigationRequestApproval" time="44.213" classname="com.pss.qms.InvestigationWithCFTCAPAReject.InvestigationApprovalReject"/>
</testsuite> <!-- com.pss.qms.InvestigationWithCFTCAPAReject.InvestigationApprovalReject -->
