<?xml version="1.0" encoding="UTF-8"?>
<!-- Generated by org.testng.reporters.JUnitReportReporter -->
<testsuite skipped="0" hostname="DESKTOP-SKPPPFG" name="com.pss.qms.AuditManagementPlannedApproval.AuditeeResponseReview" tests="1" failures="0" timestamp="2021-08-25T11:39:20 IST" time="66.935" errors="0">
  <testcase name="AuditResponseReview" time="66.935" classname="com.pss.qms.AuditManagementPlannedApproval.AuditeeResponseReview"/>
</testsuite> <!-- com.pss.qms.AuditManagementPlannedApproval.AuditeeResponseReview -->
