<?xml version="1.0" encoding="UTF-8"?>
<!-- Generated by org.testng.reporters.JUnitReportReporter -->
<testsuite skipped="0" hostname="DESKTOP-SKPPPFG" name="com.pss.qms.AuditManagementAdhocApproval.AdhocSchedule" tests="1" failures="0" timestamp="2021-08-25T18:29:15 IST" time="73.885" errors="0">
  <testcase name="toAdhocSchedule" time="73.885" classname="com.pss.qms.AuditManagementAdhocApproval.AdhocSchedule"/>
</testsuite> <!-- com.pss.qms.AuditManagementAdhocApproval.AdhocSchedule -->
