<?xml version="1.0" encoding="UTF-8"?>
<!-- Generated by org.testng.reporters.JUnitReportReporter -->
<testsuite skipped="0" hostname="PSS-LAP2" name="com.pss.qms.DeviationWithAiInvAndCAPA.QAApproverCAPA" tests="1" failures="0" timestamp="2021-07-06T13:18:39 IST" time="32.272" errors="0">
  <testcase name="toQAApproverCAPA" time="32.272" classname="com.pss.qms.DeviationWithAiInvAndCAPA.QAApproverCAPA"/>
</testsuite> <!-- com.pss.qms.DeviationWithAiInvAndCAPA.QAApproverCAPA -->
