<?xml version="1.0" encoding="UTF-8"?>
<!-- Generated by org.testng.reporters.JUnitReportReporter -->
<testsuite skipped="0" hostname="DESKTOP-SKPPPFG" name="com.pss.qms.IncidentManagementWithCustomerCftRACAPAInvRejFlow.CFTReviewerRevertInc" tests="1" failures="0" timestamp="2021-08-19T14:53:31 IST" time="48.867" errors="0">
  <testcase name="CFTReviewerIncident" time="48.867" classname="com.pss.qms.IncidentManagementWithCustomerCftRACAPAInvRejFlow.CFTReviewerRevertInc"/>
</testsuite> <!-- com.pss.qms.IncidentManagementWithCustomerCftRACAPAInvRejFlow.CFTReviewerRevertInc -->
