<?xml version="1.0" encoding="UTF-8"?>
<!-- Generated by org.testng.reporters.JUnitReportReporter -->
<testsuite skipped="0" hostname="DESKTOP-SKPPPFG" name="com.pss.qms.AuditManagementAdhocRejection.AdhocScheduleApprove" tests="1" failures="0" timestamp="2021-08-25T19:03:19 IST" time="43.918" errors="0">
  <testcase name="toAdhocScheduleApprove" time="43.918" classname="com.pss.qms.AuditManagementAdhocRejection.AdhocScheduleApprove"/>
</testsuite> <!-- com.pss.qms.AuditManagementAdhocRejection.AdhocScheduleApprove -->
