<?xml version="1.0" encoding="UTF-8"?>
<!-- Generated by org.testng.reporters.JUnitReportReporter -->
<testsuite skipped="0" hostname="DESKTOP-SKPPPFG" name="com.pss.qms.AuditManagementAdhocScheduleWithAIFwdFlow.AuditObservaionApprove" tests="1" failures="0" timestamp="2021-08-25T20:07:36 IST" time="56.283" errors="0">
  <testcase name="toAuditObservationApprove" time="56.283" classname="com.pss.qms.AuditManagementAdhocScheduleWithAIFwdFlow.AuditObservaionApprove"/>
</testsuite> <!-- com.pss.qms.AuditManagementAdhocScheduleWithAIFwdFlow.AuditObservaionApprove -->
