<?xml version="1.0" encoding="UTF-8"?>
<!-- Generated by org.testng.reporters.JUnitReportReporter -->
<testsuite skipped="0" hostname="DESKTOP-SKPPPFG" name="com.pss.qms.DeviationWithInvAndCAPARejection.DeptReviewerReject" tests="1" failures="0" timestamp="2022-03-15T18:19:37 IST" time="80.622" errors="0">
  <testcase name="toDeptReviewerReject" time="80.622" classname="com.pss.qms.DeviationWithInvAndCAPARejection.DeptReviewerReject"/>
</testsuite> <!-- com.pss.qms.DeviationWithInvAndCAPARejection.DeptReviewerReject -->
