<?xml version="1.0" encoding="UTF-8"?>
<!-- Generated by org.testng.reporters.JUnitReportReporter -->
<testsuite skipped="0" hostname="DESKTOP-SKPPPFG" name="com.pss.qms.AuditManagementAdhocScheduleWithAIFwdFlow.ActionItemPerform" tests="1" failures="0" timestamp="2021-08-25T20:24:11 IST" time="64.500" errors="0">
  <testcase name="toActionItemPerform" time="64.500" classname="com.pss.qms.AuditManagementAdhocScheduleWithAIFwdFlow.ActionItemPerform"/>
</testsuite> <!-- com.pss.qms.AuditManagementAdhocScheduleWithAIFwdFlow.ActionItemPerform -->
