<?xml version="1.0" encoding="UTF-8"?>
<!-- Generated by org.testng.reporters.JUnitReportReporter -->
<testsuite skipped="0" hostname="DESKTOP-SKPPPFG" name="com.pss.qms.AuditManagementPlanSchWithAIForwardFlow.AuditeeResponse" tests="1" failures="0" timestamp="2021-08-25T14:48:04 IST" time="227.984" errors="0">
  <testcase name="toAuditeeResponse" time="227.984" classname="com.pss.qms.AuditManagementPlanSchWithAIForwardFlow.AuditeeResponse"/>
</testsuite> <!-- com.pss.qms.AuditManagementPlanSchWithAIForwardFlow.AuditeeResponse -->
