<?xml version="1.0" encoding="UTF-8"?>
<!-- Generated by org.testng.reporters.JUnitReportReporter -->
<testsuite skipped="0" hostname="DESKTOP-SKPPPFG" name="com.pss.qms.AuditManagementAdhocScheduleWithAIRejectionFlow.ActionItemApproveReject" tests="1" failures="0" timestamp="2021-08-26T11:50:55 IST" time="53.282" errors="0">
  <testcase name="toActionItemApproveReject" time="53.282" classname="com.pss.qms.AuditManagementAdhocScheduleWithAIRejectionFlow.ActionItemApproveReject"/>
</testsuite> <!-- com.pss.qms.AuditManagementAdhocScheduleWithAIRejectionFlow.ActionItemApproveReject -->
