<?xml version="1.0" encoding="UTF-8"?>
<!-- Generated by org.testng.reporters.JUnitReportReporter -->
<testsuite skipped="0" hostname="PSS-LAP2" name="com.pss.qms.DeviationWithInvAndCAPA.PostApprovalActionsInitiate" tests="1" failures="0" timestamp="2021-07-05T16:04:46 IST" time="88.490" errors="0">
  <testcase name="PostApprovalActionsDeviation" time="88.490" classname="com.pss.qms.DeviationWithInvAndCAPA.PostApprovalActionsInitiate"/>
</testsuite> <!-- com.pss.qms.DeviationWithInvAndCAPA.PostApprovalActionsInitiate -->
