<?xml version="1.0" encoding="UTF-8"?>
<!-- Generated by org.testng.reporters.JUnitReportReporter -->
<testsuite skipped="0" hostname="PSS-LAP2" name="com.pss.qms.DeviationWithAiInvAndCAPARejection.CustomerNotification" tests="2" failures="0" timestamp="2021-07-06T16:58:37 IST" time="45.943" errors="0">
  <testcase name="toCustomerNotification" time="24.622" classname="com.pss.qms.DeviationWithAiInvAndCAPARejection.CustomerNotification"/>
  <testcase name="toCustomerNotification" time="21.321" classname="com.pss.qms.DeviationWithAiInvAndCAPARejection.CustomerNotification"/>
</testsuite> <!-- com.pss.qms.DeviationWithAiInvAndCAPARejection.CustomerNotification -->
