<?xml version="1.0" encoding="UTF-8"?>
<!-- Generated by org.testng.reporters.JUnitReportReporter -->
<testsuite skipped="0" hostname="DESKTOP-SKPPPFG" name="com.pss.qms.AuditManagementExternalRejection.AuditPlanExternalSchedule" tests="1" failures="0" timestamp="2021-08-26T17:47:24 IST" time="55.889" errors="0">
  <testcase name="AuditPlan" time="55.889" classname="com.pss.qms.AuditManagementExternalRejection.AuditPlanExternalSchedule"/>
</testsuite> <!-- com.pss.qms.AuditManagementExternalRejection.AuditPlanExternalSchedule -->
