<?xml version="1.0" encoding="UTF-8"?>
<!-- Generated by org.testng.reporters.JUnitReportReporter -->
<testsuite skipped="0" hostname="PSS-LAP2" name="com.pss.qms.IncidentManagementWithCustomerCftRA.QAApproverIncWithAI" tests="1" failures="0" timestamp="2021-07-10T17:43:44 IST" time="102.440" errors="0">
  <testcase name="QAApproverIncident" time="102.440" classname="com.pss.qms.IncidentManagementWithCustomerCftRA.QAApproverIncWithAI"/>
</testsuite> <!-- com.pss.qms.IncidentManagementWithCustomerCftRA.QAApproverIncWithAI -->
