<?xml version="1.0" encoding="UTF-8"?>
<!-- Generated by org.testng.reporters.JUnitReportReporter -->
<testsuite skipped="0" hostname="PSS-LAP2" name="com.pss.qms.DeviationWithAiInvAndCAPA.QAReviewerDevWithAI" tests="1" failures="0" timestamp="2021-07-06T11:39:43 IST" time="209.752" errors="0">
  <testcase name="toQAReviewerDev" time="209.752" classname="com.pss.qms.DeviationWithAiInvAndCAPA.QAReviewerDevWithAI"/>
</testsuite> <!-- com.pss.qms.DeviationWithAiInvAndCAPA.QAReviewerDevWithAI -->
