<?xml version="1.0" encoding="UTF-8"?>
<!-- Generated by org.testng.reporters.JUnitReportReporter -->
<testsuite skipped="0" hostname="DESKTOP-2TQFBEG" name="com.pss.qms.InvestigationReject.InvestigationPerform" tests="1" failures="0" timestamp="2021-10-19T17:01:54 IST" time="111.013" errors="0">
  <testcase name="PerformInvestigation" time="111.013" classname="com.pss.qms.InvestigationReject.InvestigationPerform"/>
</testsuite> <!-- com.pss.qms.InvestigationReject.InvestigationPerform -->
