<?xml version="1.0" encoding="UTF-8"?>
<!-- Generated by org.testng.reporters.JUnitReportReporter -->
<testsuite skipped="0" hostname="DESKTOP-SKPPPFG" name="com.pss.qms.AuditManagementPlanSchWithAIForwardFlow.AuditPlan" tests="1" failures="0" timestamp="2021-08-25T14:20:30 IST" time="61.663" errors="0">
  <testcase name="toAuditPlan" time="61.663" classname="com.pss.qms.AuditManagementPlanSchWithAIForwardFlow.AuditPlan"/>
</testsuite> <!-- com.pss.qms.AuditManagementPlanSchWithAIForwardFlow.AuditPlan -->
