<?xml version="1.0" encoding="UTF-8"?>
<!-- Generated by org.testng.reporters.JUnitReportReporter -->
<testsuite skipped="0" hostname="DESKTOP-SKPPPFG" name="com.pss.qms.IncidentManagementWithCustomerCftRARejFlow.QAReviewRejectInc" tests="1" failures="0" timestamp="2021-08-19T16:58:01 IST" time="59.346" errors="0">
  <testcase name="QAReviewerRejectIncident" time="59.346" classname="com.pss.qms.IncidentManagementWithCustomerCftRARejFlow.QAReviewRejectInc"/>
</testsuite> <!-- com.pss.qms.IncidentManagementWithCustomerCftRARejFlow.QAReviewRejectInc -->
