<?xml version="1.0" encoding="UTF-8"?>
<!-- Generated by org.testng.reporters.JUnitReportReporter -->
<testsuite skipped="0" hostname="DESKTOP-SKPPPFG" name="com.pss.qms.IncidentManagementWithCustomerCftRACAPARejFlow.QAReviewCustomerResponseRevertInc" tests="1" failures="0" timestamp="2021-08-20T10:45:15 IST" time="42.010" errors="0">
  <testcase name="QAReviewerCustomerResponse" time="42.010" classname="com.pss.qms.IncidentManagementWithCustomerCftRACAPARejFlow.QAReviewCustomerResponseRevertInc"/>
</testsuite> <!-- com.pss.qms.IncidentManagementWithCustomerCftRACAPARejFlow.QAReviewCustomerResponseRevertInc -->
