<?xml version="1.0" encoding="UTF-8"?>
<!-- Generated by org.testng.reporters.JUnitReportReporter -->
<testsuite skipped="0" hostname="DESKTOP-SKPPPFG" name="com.pss.qms.IncidentManagementWithCustomerCftRACAPA.QAReviewNotifyCustomerInc" tests="1" failures="0" timestamp="2021-08-20T09:51:56 IST" time="51.699" errors="0">
  <testcase name="QAReviewerNotifyCustomer" time="51.699" classname="com.pss.qms.IncidentManagementWithCustomerCftRACAPA.QAReviewNotifyCustomerInc"/>
</testsuite> <!-- com.pss.qms.IncidentManagementWithCustomerCftRACAPA.QAReviewNotifyCustomerInc -->
