<?xml version="1.0" encoding="UTF-8"?>
<!-- Generated by org.testng.reporters.JUnitReportReporter -->
<testsuite skipped="0" hostname="DESKTOP-SKPPPFG" name="com.pss.qms.AuditManagementExternalScheduleWithAIRejectionFlow.ExternalObsAndResponseRejectApprove" tests="1" failures="0" timestamp="2021-08-26T19:30:35 IST" time="65.907" errors="0">
  <testcase name="toExternalObsAndResponseRejectApprove" time="65.907" classname="com.pss.qms.AuditManagementExternalScheduleWithAIRejectionFlow.ExternalObsAndResponseRejectApprove"/>
</testsuite> <!-- com.pss.qms.AuditManagementExternalScheduleWithAIRejectionFlow.ExternalObsAndResponseRejectApprove -->
