<?xml version="1.0" encoding="UTF-8"?>
<!-- Generated by org.testng.reporters.JUnitReportReporter -->
<testsuite skipped="0" hostname="DESKTOP-SKPPPFG" name="com.pss.qms.AuditManagementExternalScheduleWithAIRejectionFlow.ExternalObservationsAndResponseReviewReject" tests="1" failures="0" timestamp="2021-08-26T19:20:05 IST" time="66.490" errors="0">
  <testcase name="toExternalObservationsAndResponseReviewReject" time="66.490" classname="com.pss.qms.AuditManagementExternalScheduleWithAIRejectionFlow.ExternalObservationsAndResponseReviewReject"/>
</testsuite> <!-- com.pss.qms.AuditManagementExternalScheduleWithAIRejectionFlow.ExternalObservationsAndResponseReviewReject -->
