<?xml version="1.0" encoding="UTF-8"?>
<!-- Generated by org.testng.reporters.JUnitReportReporter -->
<testsuite skipped="0" hostname="DESKTOP-2TQFBEG" name="com.pss.qms.RiskAssessmentModule.ActionItemApproveRAModule" tests="1" failures="0" timestamp="2022-01-22T22:12:02 IST" time="34.987" errors="0">
  <testcase name="ActionItemApproveRA" time="34.987" classname="com.pss.qms.RiskAssessmentModule.ActionItemApproveRAModule"/>
</testsuite> <!-- com.pss.qms.RiskAssessmentModule.ActionItemApproveRAModule -->
