<?xml version="1.0" encoding="UTF-8"?>
<!-- Generated by org.testng.reporters.JUnitReportReporter -->
<testsuite skipped="0" hostname="DESKTOP-SKPPPFG" name="com.pss.qms.AuditManagementPlanSchdRejection.ReviewAuditObservations" tests="2" failures="0" timestamp="2021-08-25T13:26:50 IST" time="101.047" errors="0">
  <testcase name="ReviewAuditObs" time="50.376" classname="com.pss.qms.AuditManagementPlanSchdRejection.ReviewAuditObservations"/>
  <testcase name="ReviewAuditObs" time="50.671" classname="com.pss.qms.AuditManagementPlanSchdRejection.ReviewAuditObservations"/>
</testsuite> <!-- com.pss.qms.AuditManagementPlanSchdRejection.ReviewAuditObservations -->
