<?xml version="1.0" encoding="UTF-8"?>
<!-- Generated by org.testng.reporters.JUnitReportReporter -->
<testsuite skipped="0" hostname="DESKTOP-SKPPPFG" name="com.pss.qms.IncidentManagementWithCustomerCftRACAPARejFlow.PostApprovalActionsInitiateWithCAorPA" tests="1" failures="0" timestamp="2021-08-20T10:59:43 IST" time="89.755" errors="0">
  <testcase name="PostApprovalActionsIncident" time="89.755" classname="com.pss.qms.IncidentManagementWithCustomerCftRACAPARejFlow.PostApprovalActionsInitiateWithCAorPA"/>
</testsuite> <!-- com.pss.qms.IncidentManagementWithCustomerCftRACAPARejFlow.PostApprovalActionsInitiateWithCAorPA -->
