<?xml version="1.0" encoding="UTF-8"?>
<!-- Generated by org.testng.reporters.JUnitReportReporter -->
<testsuite skipped="0" hostname="DESKTOP-SKPPPFG" name="com.pss.qms.ChangeControlModule.CFTReviewCC" tests="1" failures="0" timestamp="2022-03-21T18:05:24 IST" time="63.143" errors="0">
  <testcase name="toCFTReviewCC" time="63.143" classname="com.pss.qms.ChangeControlModule.CFTReviewCC"/>
</testsuite> <!-- com.pss.qms.ChangeControlModule.CFTReviewCC -->
