<?xml version="1.0" encoding="UTF-8"?>
<!-- Generated by org.testng.reporters.JUnitReportReporter -->
<testsuite skipped="0" hostname="DESKTOP-SKPPPFG" name="com.pss.qms.DeviationWithInvAndCAPARejection.InvReReview" tests="2" failures="0" timestamp="2022-03-15T18:19:37 IST" time="145.235" errors="0">
  <testcase name="toInvReReview" time="68.951" classname="com.pss.qms.DeviationWithInvAndCAPARejection.InvReReview"/>
  <testcase name="toInvReReview" time="76.284" classname="com.pss.qms.DeviationWithInvAndCAPARejection.InvReReview"/>
</testsuite> <!-- com.pss.qms.DeviationWithInvAndCAPARejection.InvReReview -->
