<?xml version="1.0" encoding="UTF-8"?>
<!-- Generated by org.testng.reporters.JUnitReportReporter -->
<testsuite skipped="0" hostname="DESKTOP-SKPPPFG" name="com.pss.qms.IncidentManagementWithCustomerCftRARejFlow.DeptReviewerRejectInc" tests="1" failures="0" timestamp="2021-08-19T16:58:01 IST" time="39.323" errors="0">
  <testcase name="DeptReviewerIncident" time="39.323" classname="com.pss.qms.IncidentManagementWithCustomerCftRARejFlow.DeptReviewerRejectInc"/>
</testsuite> <!-- com.pss.qms.IncidentManagementWithCustomerCftRARejFlow.DeptReviewerRejectInc -->
