<?xml version="1.0" encoding="UTF-8"?>
<!-- Generated by org.testng.reporters.JUnitReportReporter -->
<testsuite skipped="0" hostname="DESKTOP-SKPPPFG" name="com.pss.qms.AuditManagementPlanSchWithAIForwardFlow.CLoseAudit" tests="1" failures="0" timestamp="2021-08-25T17:35:26 IST" time="48.680" errors="0">
  <testcase name="toCloseAudit" time="48.680" classname="com.pss.qms.AuditManagementPlanSchWithAIForwardFlow.CLoseAudit"/>
</testsuite> <!-- com.pss.qms.AuditManagementPlanSchWithAIForwardFlow.CLoseAudit -->
