<?xml version="1.0" encoding="UTF-8"?>
<!-- Generated by org.testng.reporters.JUnitReportReporter -->
<testsuite skipped="0" hostname="DESKTOP-SKPPPFG" name="com.pss.qms.AuditManagementExternalScheduleWithAIForwardFlow.ExternalObservationAndResponseReview" tests="1" failures="0" timestamp="2021-08-26T18:52:17 IST" time="63.244" errors="0">
  <testcase name="toExternalObservationAndResponseReview" time="63.244" classname="com.pss.qms.AuditManagementExternalScheduleWithAIForwardFlow.ExternalObservationAndResponseReview"/>
</testsuite> <!-- com.pss.qms.AuditManagementExternalScheduleWithAIForwardFlow.ExternalObservationAndResponseReview -->
