<?xml version="1.0" encoding="UTF-8"?>
<!-- Generated by org.testng.reporters.JUnitReportReporter -->
<testsuite skipped="0" hostname="DESKTOP-2TQFBEG" name="com.pss.qms.RiskAssessmentModule.ReEvaluationReview" tests="1" failures="0" timestamp="2022-01-22T22:12:02 IST" time="46.736" errors="0">
  <testcase name="ReEvaluationReview" time="46.736" classname="com.pss.qms.RiskAssessmentModule.ReEvaluationReview"/>
</testsuite> <!-- com.pss.qms.RiskAssessmentModule.ReEvaluationReview -->
