<?xml version="1.0" encoding="UTF-8"?>
<!-- Generated by org.testng.reporters.JUnitReportReporter -->
<testsuite skipped="0" hostname="DESKTOP-SKPPPFG" name="com.pss.qms.AuditManagementPlanSchWithAIForwardFlow.ReviewAuditeeResponse" tests="1" failures="0" timestamp="2021-08-25T14:48:04 IST" time="53.876" errors="0">
  <testcase name="toReviewAuditeeResponse" time="53.876" classname="com.pss.qms.AuditManagementPlanSchWithAIForwardFlow.ReviewAuditeeResponse"/>
</testsuite> <!-- com.pss.qms.AuditManagementPlanSchWithAIForwardFlow.ReviewAuditeeResponse -->
