<?xml version="1.0" encoding="UTF-8"?>
<!-- Generated by org.testng.reporters.JUnitReportReporter -->
<testsuite skipped="0" hostname="DESKTOP-2TQFBEG" name="com.pss.qms.RiskAssessmentRejection.RiskIdentification" tests="1" failures="0" timestamp="2021-10-18T12:38:53 IST" time="277.502" errors="0">
  <testcase name="RiskIdentification" time="277.502" classname="com.pss.qms.RiskAssessmentRejection.RiskIdentification"/>
</testsuite> <!-- com.pss.qms.RiskAssessmentRejection.RiskIdentification -->
