<?xml version="1.0" encoding="UTF-8"?>
<!-- Generated by org.testng.reporters.JUnitReportReporter -->
<testsuite skipped="0" hostname="DESKTOP-2TQFBEG" name="com.pss.qms.InvestigationWithCFTCAPAReject.InvestigationRequestApproval" tests="1" failures="0" timestamp="2021-10-19T17:28:26 IST" time="49.461" errors="0">
  <testcase name="ApprovalInvestigationRequest" time="49.461" classname="com.pss.qms.InvestigationWithCFTCAPAReject.InvestigationRequestApproval"/>
</testsuite> <!-- com.pss.qms.InvestigationWithCFTCAPAReject.InvestigationRequestApproval -->
