<?xml version="1.0" encoding="UTF-8"?>
<!-- Generated by org.testng.reporters.JUnitReportReporter -->
<testsuite skipped="0" hostname="DESKTOP-2TQFBEG" name="com.pss.qms.IncidentManagementWithCustomerCftRACAPAInv.IncidentInitiation" tests="1" failures="0" timestamp="2021-10-14T12:52:51 IST" time="134.507" errors="0">
  <testcase name="methodtoInitiateIncident" time="134.507" classname="com.pss.qms.IncidentManagementWithCustomerCftRACAPAInv.IncidentInitiation"/>
</testsuite> <!-- com.pss.qms.IncidentManagementWithCustomerCftRACAPAInv.IncidentInitiation -->
