<?xml version="1.0" encoding="UTF-8"?>
<!-- Generated by org.testng.reporters.JUnitReportReporter -->
<testsuite skipped="0" hostname="DESKTOP-2TQFBEG" name="com.pss.qms.IncidentManagementWithCustomerCftRACAPAInvRejFlow.InvestigationPlanInc" tests="1" failures="0" timestamp="2021-10-12T10:21:22 IST" time="103.123" errors="0">
  <testcase name="InvestigationIncident" time="103.123" classname="com.pss.qms.IncidentManagementWithCustomerCftRACAPAInvRejFlow.InvestigationPlanInc"/>
</testsuite> <!-- com.pss.qms.IncidentManagementWithCustomerCftRACAPAInvRejFlow.InvestigationPlanInc -->
