<?xml version="1.0" encoding="UTF-8"?>
<!-- Generated by org.testng.reporters.JUnitReportReporter -->
<testsuite skipped="0" hostname="DESKTOP-SKPPPFG" name="com.pss.qms.AuditManagementAdhocRejection.AuditObservationsRejectedApprove" tests="1" failures="0" timestamp="2021-08-25T19:26:35 IST" time="58.395" errors="0">
  <testcase name="toAuditObservationsRejectedApprove" time="58.395" classname="com.pss.qms.AuditManagementAdhocRejection.AuditObservationsRejectedApprove"/>
</testsuite> <!-- com.pss.qms.AuditManagementAdhocRejection.AuditObservationsRejectedApprove -->
