<?xml version="1.0" encoding="UTF-8"?>
<!-- Generated by org.testng.reporters.JUnitReportReporter -->
<testsuite skipped="0" hostname="DESKTOP-2TQFBEG" name="com.pss.qms.RiskAssessmentModule.ReEvaluationInitiation" tests="1" failures="0" timestamp="2022-01-22T22:12:02 IST" time="63.944" errors="0">
  <testcase name="ReEvaluationInitiationoveRA" time="63.944" classname="com.pss.qms.RiskAssessmentModule.ReEvaluationInitiation"/>
</testsuite> <!-- com.pss.qms.RiskAssessmentModule.ReEvaluationInitiation -->
