<?xml version="1.0" encoding="UTF-8"?>
<!-- Generated by org.testng.reporters.JUnitReportReporter -->
<testsuite skipped="0" hostname="DESKTOP-SKPPPFG" name="com.pss.qms.AuditManagementAdhocScheduleWithCAPAForwardFlow.AdhocSchedule" tests="1" failures="0" timestamp="2021-08-26T15:06:04 IST" time="73.746" errors="0">
  <testcase name="methodtoPlanScheduleAM" time="73.746" classname="com.pss.qms.AuditManagementAdhocScheduleWithCAPAForwardFlow.AdhocSchedule"/>
</testsuite> <!-- com.pss.qms.AuditManagementAdhocScheduleWithCAPAForwardFlow.AdhocSchedule -->
