<?xml version="1.0" encoding="UTF-8"?>
<!-- Generated by org.testng.reporters.JUnitReportReporter -->
<testsuite skipped="0" hostname="DESKTOP-SKPPPFG" name="com.pss.qms.WorkFlow.IncidentManagementWorkFlow" tests="1" failures="0" timestamp="2021-06-30T13:53:09 IST" time="292.673" errors="0">
  <testcase name="IncidentManagementWorkFlowMethod" time="292.673" classname="com.pss.qms.WorkFlow.IncidentManagementWorkFlow"/>
</testsuite> <!-- com.pss.qms.WorkFlow.IncidentManagementWorkFlow -->
