<?xml version="1.0" encoding="UTF-8"?>
<!-- Generated by org.testng.reporters.JUnitReportReporter -->
<testsuite skipped="0" hostname="DESKTOP-2TQFBEG" name="com.pss.qms.RiskAssessmentRejection.DeptReviewerRAModule" tests="3" failures="0" timestamp="2022-01-22T20:21:20 IST" time="163.538" errors="0">
  <testcase name="DeptReviewerRA" time="55.911" classname="com.pss.qms.RiskAssessmentRejection.DeptReviewerRAModule"/>
  <testcase name="DeptReviewerRA" time="53.770" classname="com.pss.qms.RiskAssessmentRejection.DeptReviewerRAModule"/>
  <testcase name="DeptReviewerRA" time="53.857" classname="com.pss.qms.RiskAssessmentRejection.DeptReviewerRAModule"/>
</testsuite> <!-- com.pss.qms.RiskAssessmentRejection.DeptReviewerRAModule -->
