<?xml version="1.0" encoding="UTF-8"?>
<!-- Generated by org.testng.reporters.JUnitReportReporter -->
<testsuite skipped="0" hostname="DESKTOP-2TQFBEG" name="com.pss.qms.WorkFlow.ChangeControlPreCheckListMap" tests="1" failures="0" timestamp="2021-10-12T22:25:46 IST" time="45.225" errors="0">
  <testcase name="ChangeControlPreCheckListMapMethod" time="45.225" classname="com.pss.qms.WorkFlow.ChangeControlPreCheckListMap"/>
</testsuite> <!-- com.pss.qms.WorkFlow.ChangeControlPreCheckListMap -->
