<?xml version="1.0" encoding="UTF-8"?>
<!-- Generated by org.testng.reporters.JUnitReportReporter -->
<testsuite skipped="0" hostname="DESKTOP-2TQFBEG" name="com.pss.qms.DeviationWithInvAndCAPA.RegReviewDev" tests="1" failures="0" timestamp="2022-03-15T14:49:41 IST" time="53.949" errors="0">
  <testcase name="toRegReviewDev" time="53.949" classname="com.pss.qms.DeviationWithInvAndCAPA.RegReviewDev"/>
</testsuite> <!-- com.pss.qms.DeviationWithInvAndCAPA.RegReviewDev -->
