<?xml version="1.0" encoding="UTF-8"?>
<!-- Generated by org.testng.reporters.JUnitReportReporter -->
<testsuite skipped="0" hostname="DESKTOP-2TQFBEG" name="com.pss.qms.InvestigationWithCFTCAPAReject.InvestigationRequest" tests="1" failures="0" timestamp="2021-10-19T17:28:26 IST" time="115.121" errors="0">
  <testcase name="RequestInvestigation" time="115.121" classname="com.pss.qms.InvestigationWithCFTCAPAReject.InvestigationRequest"/>
</testsuite> <!-- com.pss.qms.InvestigationWithCFTCAPAReject.InvestigationRequest -->
