<?xml version="1.0" encoding="UTF-8"?>
<!-- Generated by org.testng.reporters.JUnitReportReporter -->
<testsuite skipped="0" hostname="DESKTOP-SKPPPFG" name="com.pss.qms.AuditManagementAdhocScheduleWithAIRejectionFlow.AuditObservationsRejectedApprove" tests="2" failures="0" timestamp="2021-08-26T11:50:55 IST" time="120.679" errors="0">
  <testcase name="toAuditObservationsRejectedApprove" time="60.292" classname="com.pss.qms.AuditManagementAdhocScheduleWithAIRejectionFlow.AuditObservationsRejectedApprove"/>
  <testcase name="toAuditObservationsRejectedApprove" time="60.387" classname="com.pss.qms.AuditManagementAdhocScheduleWithAIRejectionFlow.AuditObservationsRejectedApprove"/>
</testsuite> <!-- com.pss.qms.AuditManagementAdhocScheduleWithAIRejectionFlow.AuditObservationsRejectedApprove -->
