<?xml version="1.0" encoding="UTF-8"?>
<!-- Generated by org.testng.reporters.JUnitReportReporter -->
<testsuite skipped="0" hostname="DESKTOP-SKPPPFG" name="com.pss.qms.AuditManagementPlanSchWithAIForwardFlow.PlanSchdApproval" tests="1" failures="0" timestamp="2021-08-25T14:20:30 IST" time="43.042" errors="0">
  <testcase name="toPlanSchdApproval" time="43.042" classname="com.pss.qms.AuditManagementPlanSchWithAIForwardFlow.PlanSchdApproval"/>
</testsuite> <!-- com.pss.qms.AuditManagementPlanSchWithAIForwardFlow.PlanSchdApproval -->
