<?xml version="1.0" encoding="UTF-8"?>
<!-- Generated by org.testng.reporters.JUnitReportReporter -->
<testsuite skipped="0" hostname="DESKTOP-2TQFBEG" name="com.pss.qms.IncidentManagementWithCustomerCftRACAPAInvRejFlow.QAReReviewAfterCustomerCftRaReject" tests="1" failures="0" timestamp="2021-10-11T19:55:09 IST" time="67.433" errors="0">
  <testcase name="QAReReviewerIncident" time="67.433" classname="com.pss.qms.IncidentManagementWithCustomerCftRACAPAInvRejFlow.QAReReviewAfterCustomerCftRaReject"/>
</testsuite> <!-- com.pss.qms.IncidentManagementWithCustomerCftRACAPAInvRejFlow.QAReReviewAfterCustomerCftRaReject -->
