<?xml version="1.0" encoding="UTF-8"?>
<!-- Generated by org.testng.reporters.JUnitReportReporter -->
<testsuite skipped="0" hostname="DESKTOP-SKPPPFG" name="com.pss.qms.AuditManagementExternalScheduleWithAIRejectionFlow.ActionItemPerform" tests="1" failures="0" timestamp="2021-08-26T19:30:35 IST" time="65.543" errors="0">
  <testcase name="toActionItemPerform" time="65.543" classname="com.pss.qms.AuditManagementExternalScheduleWithAIRejectionFlow.ActionItemPerform"/>
</testsuite> <!-- com.pss.qms.AuditManagementExternalScheduleWithAIRejectionFlow.ActionItemPerform -->
