<?xml version="1.0" encoding="UTF-8"?>
<!-- Generated by org.testng.reporters.JUnitReportReporter -->
<testsuite skipped="0" hostname="DESKTOP-2TQFBEG" name="com.pss.qms.ChangeControlRejection.DeptReviewerReject" tests="1" failures="0" timestamp="2022-01-26T19:01:08 IST" time="109.875" errors="0">
  <testcase name="toDeptReviewerReject" time="109.875" classname="com.pss.qms.ChangeControlRejection.DeptReviewerReject"/>
</testsuite> <!-- com.pss.qms.ChangeControlRejection.DeptReviewerReject -->
