<?xml version="1.0" encoding="UTF-8"?>
<!-- Generated by org.testng.reporters.JUnitReportReporter -->
<testsuite skipped="0" hostname="DESKTOP-SKPPPFG" name="com.pss.qms.DeviationWithInvAndCAPARejection.QAReviewReject" tests="1" failures="0" timestamp="2022-03-15T18:19:37 IST" time="57.130" errors="0">
  <testcase name="toQAReviewReject" time="57.130" classname="com.pss.qms.DeviationWithInvAndCAPARejection.QAReviewReject"/>
</testsuite> <!-- com.pss.qms.DeviationWithInvAndCAPARejection.QAReviewReject -->
