<?xml version="1.0" encoding="UTF-8"?>
<!-- Generated by org.testng.reporters.JUnitReportReporter -->
<testsuite skipped="0" hostname="DESKTOP-SKPPPFG" name="com.pss.qms.AuditManagementPlannedApproval.AuditObservationsReview" tests="1" failures="0" timestamp="2021-08-25T11:39:20 IST" time="67.264" errors="0">
  <testcase name="toAuditObservationsReview" time="67.264" classname="com.pss.qms.AuditManagementPlannedApproval.AuditObservationsReview"/>
</testsuite> <!-- com.pss.qms.AuditManagementPlannedApproval.AuditObservationsReview -->
