<?xml version="1.0" encoding="UTF-8"?>
<!-- Generated by org.testng.reporters.JUnitReportReporter -->
<testsuite skipped="0" hostname="DESKTOP-2TQFBEG" name="com.pss.qms.RiskAssessmentModule.CQAApproverRAModule" tests="1" failures="0" timestamp="2022-01-22T22:00:02 IST" time="67.128" errors="0">
  <testcase name="CQAApproverRAModule" time="67.128" classname="com.pss.qms.RiskAssessmentModule.CQAApproverRAModule"/>
</testsuite> <!-- com.pss.qms.RiskAssessmentModule.CQAApproverRAModule -->
