<?xml version="1.0" encoding="UTF-8"?>
<!-- Generated by org.testng.reporters.JUnitReportReporter -->
<testsuite skipped="0" hostname="DESKTOP-SKPPPFG" name="com.pss.qms.DeviationWithInvAndCAPARejection.CFTInvReview" tests="1" failures="0" timestamp="2022-03-15T18:19:37 IST" time="66.003" errors="0">
  <testcase name="toCFTInvReview" time="66.003" classname="com.pss.qms.DeviationWithInvAndCAPARejection.CFTInvReview"/>
</testsuite> <!-- com.pss.qms.DeviationWithInvAndCAPARejection.CFTInvReview -->
