<?xml version="1.0" encoding="UTF-8"?>
<!-- Generated by org.testng.reporters.JUnitReportReporter -->
<testsuite skipped="0" hostname="DESKTOP-SKPPPFG" name="com.pss.qms.AuditManagementAdhocScheduleWithAIRejectionFlow.AuditeeResponseReview" tests="2" failures="0" timestamp="2021-08-26T11:50:55 IST" time="131.371" errors="0">
  <testcase name="toAuditeeResponseReview" time="65.693" classname="com.pss.qms.AuditManagementAdhocScheduleWithAIRejectionFlow.AuditeeResponseReview"/>
  <testcase name="toAuditeeResponseReview" time="65.678" classname="com.pss.qms.AuditManagementAdhocScheduleWithAIRejectionFlow.AuditeeResponseReview"/>
</testsuite> <!-- com.pss.qms.AuditManagementAdhocScheduleWithAIRejectionFlow.AuditeeResponseReview -->
