<?xml version="1.0" encoding="UTF-8"?>
<!-- Generated by org.testng.reporters.JUnitReportReporter -->
<testsuite skipped="0" hostname="DESKTOP-2TQFBEG" name="com.pss.qms.Registration.MultiCheckListCreationTest" tests="2" failures="0" timestamp="2021-10-12T22:19:13 IST" time="89.520" errors="0">
  <testcase name="toMultiUserCreation" time="42.522" classname="com.pss.qms.Registration.MultiCheckListCreationTest"/>
  <testcase name="toMultiUserCreation" time="46.998" classname="com.pss.qms.Registration.MultiCheckListCreationTest"/>
</testsuite> <!-- com.pss.qms.Registration.MultiCheckListCreationTest -->
