<?xml version="1.0" encoding="UTF-8"?>
<!-- Generated by org.testng.reporters.JUnitReportReporter -->
<testsuite skipped="0" hostname="DESKTOP-2TQFBEG" name="com.pss.qms.RiskAssessmentModule.QAReReviewRAModule" tests="1" failures="0" timestamp="2022-01-22T22:00:02 IST" time="51.564" errors="0">
  <testcase name="QAReReviewRAModule" time="51.564" classname="com.pss.qms.RiskAssessmentModule.QAReReviewRAModule"/>
</testsuite> <!-- com.pss.qms.RiskAssessmentModule.QAReReviewRAModule -->
