<?xml version="1.0" encoding="UTF-8"?>
<!-- Generated by org.testng.reporters.JUnitReportReporter -->
<testsuite skipped="0" hostname="DESKTOP-SKPPPFG" name="com.pss.qms.IncidentManagementWithCustomerCftRACAPA.CloseIncident" tests="1" failures="0" timestamp="2021-08-20T10:21:52 IST" time="53.224" errors="0">
  <testcase name="IncidentClose" time="53.224" classname="com.pss.qms.IncidentManagementWithCustomerCftRACAPA.CloseIncident"/>
</testsuite> <!-- com.pss.qms.IncidentManagementWithCustomerCftRACAPA.CloseIncident -->
