<?xml version="1.0" encoding="UTF-8"?>
<!-- Generated by org.testng.reporters.JUnitReportReporter -->
<testsuite skipped="0" hostname="DESKTOP-SKPPPFG" name="com.pss.qms.IncidentManagementWithCustomerCftRARejFlow.PostApprovalActionsInitiate" tests="1" failures="0" timestamp="2021-08-19T17:23:26 IST" time="58.238" errors="0">
  <testcase name="PostApprovalActionsIncident" time="58.238" classname="com.pss.qms.IncidentManagementWithCustomerCftRARejFlow.PostApprovalActionsInitiate"/>
</testsuite> <!-- com.pss.qms.IncidentManagementWithCustomerCftRARejFlow.PostApprovalActionsInitiate -->
