<?xml version="1.0" encoding="UTF-8"?>
<!-- Generated by org.testng.reporters.JUnitReportReporter -->
<testsuite skipped="0" hostname="DESKTOP-2TQFBEG" name="com.pss.qms.RiskAssessmentModule.QAApproverRAModule" tests="2" failures="0" timestamp="2022-01-22T22:00:02 IST" time="97.868" errors="0">
  <testcase name="QAApproverRA" time="46.570" classname="com.pss.qms.RiskAssessmentModule.QAApproverRAModule"/>
  <testcase name="QAApproverRA" time="51.298" classname="com.pss.qms.RiskAssessmentModule.QAApproverRAModule"/>
</testsuite> <!-- com.pss.qms.RiskAssessmentModule.QAApproverRAModule -->
