<?xml version="1.0" encoding="UTF-8"?>
<!-- Generated by org.testng.reporters.JUnitReportReporter -->
<testsuite skipped="0" hostname="DESKTOP-SKPPPFG" name="com.pss.qms.AuditManagementExternalRejection.ExternalObservationsAndResponse" tests="1" failures="0" timestamp="2021-08-26T17:47:24 IST" time="148.001" errors="0">
  <testcase name="toExternalObservationsAndResponse" time="148.001" classname="com.pss.qms.AuditManagementExternalRejection.ExternalObservationsAndResponse"/>
</testsuite> <!-- com.pss.qms.AuditManagementExternalRejection.ExternalObservationsAndResponse -->
