<?xml version="1.0" encoding="UTF-8"?>
<!-- Generated by org.testng.reporters.JUnitReportReporter -->
<testsuite skipped="0" hostname="PSS-LAP2" name="com.pss.qms.DeviationWithAiInvAndCAPA.PostApprovalActionsInitiateWithCAPA" tests="1" failures="0" timestamp="2021-07-06T11:46:07 IST" time="110.178" errors="0">
  <testcase name="toPostApprovalActionsInitiateWithCAPA" time="110.178" classname="com.pss.qms.DeviationWithAiInvAndCAPA.PostApprovalActionsInitiateWithCAPA"/>
</testsuite> <!-- com.pss.qms.DeviationWithAiInvAndCAPA.PostApprovalActionsInitiateWithCAPA -->
