<?xml version="1.0" encoding="UTF-8"?>
<!-- Generated by org.testng.reporters.JUnitReportReporter -->
<testsuite skipped="0" hostname="DESKTOP-2TQFBEG" name="com.pss.qms.ChangeControlRejection.ReInitiateDocument" tests="2" failures="0" timestamp="2022-01-26T19:01:08 IST" time="168.479" errors="0">
  <testcase name="toReInitiateDocument" time="76.930" classname="com.pss.qms.ChangeControlRejection.ReInitiateDocument"/>
  <testcase name="toReInitiateDocument" time="91.549" classname="com.pss.qms.ChangeControlRejection.ReInitiateDocument"/>
</testsuite> <!-- com.pss.qms.ChangeControlRejection.ReInitiateDocument -->
