<?xml version="1.0" encoding="UTF-8"?>
<!-- Generated by org.testng.reporters.JUnitReportReporter -->
<testsuite skipped="0" hostname="DESKTOP-SKPPPFG" name="com.pss.qms.AuditManagementExternalScheduleWithAIForwardFlow.ExternalObservationsAndResponse" tests="1" failures="0" timestamp="2021-08-26T18:52:17 IST" time="178.176" errors="0">
  <testcase name="toExternalObservationsAndResponse" time="178.176" classname="com.pss.qms.AuditManagementExternalScheduleWithAIForwardFlow.ExternalObservationsAndResponse"/>
</testsuite> <!-- com.pss.qms.AuditManagementExternalScheduleWithAIForwardFlow.ExternalObservationsAndResponse -->
