<?xml version="1.0" encoding="UTF-8"?>
<!-- Generated by org.testng.reporters.JUnitReportReporter -->
<testsuite skipped="0" hostname="DESKTOP-SKPPPFG" name="com.pss.qms.DeviationWithInvAndCAPARejection.CFTReviewApprove" tests="1" failures="0" timestamp="2022-03-15T18:19:37 IST" time="42.134" errors="0">
  <testcase name="toCFTReviewApprove" time="42.134" classname="com.pss.qms.DeviationWithInvAndCAPARejection.CFTReviewApprove"/>
</testsuite> <!-- com.pss.qms.DeviationWithInvAndCAPARejection.CFTReviewApprove -->
