<?xml version="1.0" encoding="UTF-8"?>
<!-- Generated by org.testng.reporters.JUnitReportReporter -->
<testsuite skipped="0" hostname="PSS-LAP2" name="com.pss.qms.DeviationWithAiInvAndCAPARejection.ActionItemRejectAssignedByQMSCoordinator" tests="1" failures="0" timestamp="2021-07-06T17:48:48 IST" time="43.618" errors="0">
  <testcase name="toActionItemApproveAssignedByQMSCoordinator" time="43.618" classname="com.pss.qms.DeviationWithAiInvAndCAPARejection.ActionItemRejectAssignedByQMSCoordinator"/>
</testsuite> <!-- com.pss.qms.DeviationWithAiInvAndCAPARejection.ActionItemRejectAssignedByQMSCoordinator -->
