<?xml version="1.0" encoding="UTF-8"?>
<!-- Generated by org.testng.reporters.JUnitReportReporter -->
<testsuite skipped="0" hostname="DESKTOP-SKPPPFG" name="com.pss.qms.IncidentManagementWithCustomerCftRARejFlow.QAReviewerInc" tests="1" failures="0" timestamp="2021-08-19T16:58:01 IST" time="157.649" errors="0">
  <testcase name="QAReviewerIncident" time="157.649" classname="com.pss.qms.IncidentManagementWithCustomerCftRARejFlow.QAReviewerInc"/>
</testsuite> <!-- com.pss.qms.IncidentManagementWithCustomerCftRARejFlow.QAReviewerInc -->
