<?xml version="1.0" encoding="UTF-8"?>
<!-- Generated by org.testng.reporters.JUnitReportReporter -->
<testsuite skipped="0" hostname="DESKTOP-2TQFBEG" name="com.pss.qms.InvestigationWithCFTCAPA.InvestigationPerformWithCFTCAPA" tests="1" failures="0" timestamp="2021-10-19T16:20:08 IST" time="142.560" errors="0">
  <testcase name="PerformInvestigation" time="142.560" classname="com.pss.qms.InvestigationWithCFTCAPA.InvestigationPerformWithCFTCAPA"/>
</testsuite> <!-- com.pss.qms.InvestigationWithCFTCAPA.InvestigationPerformWithCFTCAPA -->
