<?xml version="1.0" encoding="UTF-8"?>
<!-- Generated by org.testng.reporters.JUnitReportReporter -->
<testsuite skipped="0" hostname="PSS-LAP2" name="com.pss.qms.admin.AdminUserCreation.MultiOrganizationNodeCreationAndApproveTest" tests="3" failures="0" timestamp="2021-07-16T12:51:43 IST" time="267.849" errors="0">
  <testcase name="toMultiUserCreation" time="88.959" classname="com.pss.qms.admin.AdminUserCreation.MultiOrganizationNodeCreationAndApproveTest"/>
  <testcase name="toMultiUserCreation" time="87.826" classname="com.pss.qms.admin.AdminUserCreation.MultiOrganizationNodeCreationAndApproveTest"/>
  <testcase name="toMultiUserCreation" time="91.064" classname="com.pss.qms.admin.AdminUserCreation.MultiOrganizationNodeCreationAndApproveTest"/>
</testsuite> <!-- com.pss.qms.admin.AdminUserCreation.MultiOrganizationNodeCreationAndApproveTest -->
