<?xml version="1.0" encoding="UTF-8"?>
<!-- Generated by org.testng.reporters.JUnitReportReporter -->
<testsuite skipped="0" hostname="DESKTOP-SKPPPFG" name="com.pss.qms.AuditManagementAdhocRejection.AuditeeResponse" tests="1" failures="0" timestamp="2021-08-25T19:26:35 IST" time="170.239" errors="0">
  <testcase name="AuditeeResponse" time="170.239" classname="com.pss.qms.AuditManagementAdhocRejection.AuditeeResponse"/>
</testsuite> <!-- com.pss.qms.AuditManagementAdhocRejection.AuditeeResponse -->
