<?xml version="1.0" encoding="UTF-8"?>
<!-- Generated by org.testng.reporters.JUnitReportReporter -->
<testsuite skipped="0" hostname="PSS-LAP2" name="com.pss.qms.IncidentManagementWithCustomerCftRARejFlow.ActionItemApproveAssignedByQAHOD" tests="1" failures="0" timestamp="2021-07-13T10:41:19 IST" time="73.822" errors="0">
  <testcase name="toActionItemApproveAssignedByQAHOD" time="73.822" classname="com.pss.qms.IncidentManagementWithCustomerCftRARejFlow.ActionItemApproveAssignedByQAHOD"/>
</testsuite> <!-- com.pss.qms.IncidentManagementWithCustomerCftRARejFlow.ActionItemApproveAssignedByQAHOD -->
