<?xml version="1.0" encoding="UTF-8"?>
<!-- Generated by org.testng.reporters.JUnitReportReporter -->
<testsuite skipped="0" hostname="DESKTOP-SKPPPFG" name="com.pss.qms.IncidentManagementWithCustomerCftRACAPARejFlow.QAApproverRevertInc" tests="1" failures="0" timestamp="2021-08-20T10:59:43 IST" time="52.356" errors="0">
  <testcase name="QAApproverIncident" time="52.356" classname="com.pss.qms.IncidentManagementWithCustomerCftRACAPARejFlow.QAApproverRevertInc"/>
</testsuite> <!-- com.pss.qms.IncidentManagementWithCustomerCftRACAPARejFlow.QAApproverRevertInc -->
